ISim log file
Running: C:\Users\Win7\Desktop\Projekty\UCISW2_OLED_PROJECT\top_top_sch_tb_isim_beh.exe -intstyle ise -gui -tclbatch isim.cmd -wdb C:/Users/Win7/Desktop/Projekty/UCISW2_OLED_PROJECT/top_top_sch_tb_isim_beh.wdb 
ISim P.20131013 (signature 0x8ef4fb42)
----------------------------------------------------------------------
INFO:Security:51 - The XILINXD_LICENSE_FILE environment variable is not set.
INFO:Security:53 - The LM_LICENSE_FILE environment variable is not set.
INFO:Security:68a - user is Win7, on host WIN7-KOMPUTER.
WARNING:Security:43 - No license file was found in the standard Xilinx license directory.
WARNING:Security:44 - Since no license file was found,
       please run the Xilinx License Configuration Manager
       (xlcm or "Manage Xilinx Licenses")
       to assist in obtaining a license.
ERROR:Security:14 - No feature was available for 'ISIM'.

No such feature exists.
Feature:       ISIM
License path:  C:/.Xilinx;C:\Xilinx\14.7\ISE_DS\ISE\/coregen/core_licenses\Xilinx.lic;C:\Xilinx\14.7\ISE_DS\ISE\/coregen/core_licenses\XilinxFree.lic;C:\Xilinx\14.7\ISE_DS\EDK/data/core_licenses\Xilinx.lic;
FLEXnet Licensing error:-5,357
For further information, refer to the FLEXnet Licensing documentation,
available at "www.flexerasoftware.com".
----------------------------------------------------------------------
WARNING: A full ISim License cannot be checked out due to the issues listed above. Please use Xilinx License Configuration Manager to fix these issues in order to check out a full ISim license.
WARNING: ISim will run in Lite mode. Please refer to the ISim documentation for more information on the differences between the Lite and the Full version.
This is a Lite version of ISim.
Time resolution is 1 ps
# onerror resume
# wave add /
# run 1000 ns
Simulator is doing circuit initialization process.
Finished circuit initialization process.
# restart
# run 3ms
Simulator is doing circuit initialization process.
Finished circuit initialization process.
[I2C 1.2901 us] START condition
[I2C 21.9101 us] address byte: 78
[I2C 44.4101 us] byte received: 00
[I2C 66.9101 us] byte received: A1
[I2C 89.4101 us] byte received: C8
[I2C 111.9101 us] byte received: 20
[I2C 134.4101 us] byte received: 00
[I2C 156.9101 us] byte received: 8D
[I2C 179.4101 us] byte received: 14
[I2C 201.9101 us] byte received: AF
[I2C 206.9101 us] STOP condition
