Release 14.7 - xst P.20131013 (nt)
Copyright (c) 1995-2013 Xilinx, Inc.  All rights reserved.
--> Parameter TMPDIR set to xst/projnav.tmp


Total REAL time to Xst completion: 0.00 secs
Total CPU time to Xst completion: 0.05 secs
 
--> Parameter xsthdpdir set to xst


Total REAL time to Xst completion: 0.00 secs
Total CPU time to Xst completion: 0.05 secs
 
--> Reading design: schemat.prj

TABLE OF CONTENTS
  1) Synthesis Options Summary
  2) HDL Compilation
  3) Design Hierarchy Analysis
  4) HDL Analysis
  5) HDL Synthesis
     5.1) HDL Synthesis Report
  6) Advanced HDL Synthesis
     6.1) Advanced HDL Synthesis Report
  7) Low Level Synthesis
  8) Partition Report
  9) Final Report
	9.1) Device utilization summary
	9.2) Partition Resource Summary
	9.3) TIMING REPORT


=========================================================================
*                      Synthesis Options Summary                        *
=========================================================================
---- Source Parameters
Input File Name                    : "schemat.prj"
Input Format                       : mixed
Ignore Synthesis Constraint File   : NO

---- Target Parameters
Output File Name                   : "schemat"
Output Format                      : NGC
Target Device                      : xc3s500e-4-fg320

---- Source Options
Top Module Name                    : schemat
Automatic FSM Extraction           : YES
FSM Encoding Algorithm             : Auto
Safe Implementation                : No
FSM Style                          : LUT
RAM Extraction                     : Yes
RAM Style                          : Auto
ROM Extraction                     : Yes
Mux Style                          : Auto
Decoder Extraction                 : YES
Priority Encoder Extraction        : Yes
Shift Register Extraction          : YES
Logical Shifter Extraction         : YES
XOR Collapsing                     : YES
ROM Style                          : Auto
Mux Extraction                     : Yes
Resource Sharing                   : YES
Asynchronous To Synchronous        : NO
Multiplier Style                   : Auto
Automatic Register Balancing       : No

---- Target Options
Add IO Buffers                     : YES
Global Maximum Fanout              : 100000
Add Generic Clock Buffer(BUFG)     : 24
Register Duplication               : YES
Slice Packing                      : YES
Optimize Instantiated Primitives   : NO
Use Clock Enable                   : Yes
Use Synchronous Set                : Yes
Use Synchronous Reset              : Yes
Pack IO Registers into IOBs        : Auto
Equivalent register Removal        : YES

---- General Options
Optimization Goal                  : Speed
Optimization Effort                : 1
Keep Hierarchy                     : No
Netlist Hierarchy                  : As_Optimized
RTL Output                         : Yes
Global Optimization                : AllClockNets
Read Cores                         : YES
Write Timing Constraints           : NO
Cross Clock Analysis               : NO
Hierarchy Separator                : /
Bus Delimiter                      : <>
Case Specifier                     : Maintain
Slice Utilization Ratio            : 100
BRAM Utilization Ratio             : 100
Verilog 2001                       : YES
Auto BRAM Packing                  : NO
Slice Utilization Ratio Delta      : 5

---- Other Options
Cores Search Directories           : {"sources"  }

=========================================================================


=========================================================================
*                          HDL Compilation                              *
=========================================================================
Compiling vhdl file "C:/Users/Win7/Desktop/Projekty/UCISW2-OLED/UCISW2_OLED_PROJECT/sources/Memory.vhd" in Library work.
Architecture behavioral of Entity memory is up to date.
Compiling vhdl file "C:/Users/Win7/Desktop/Projekty/UCISW2-OLED/UCISW2_OLED_PROJECT/sources/OLED_Ctrl.vhd" in Library work.
Architecture behavioral of Entity oled_ctrl is up to date.
Compiling vhdl file "C:/Users/Win7/Desktop/Projekty/UCISW2-OLED/UCISW2_OLED_PROJECT/sources/I2C_Master.vhd" in Library work.
Architecture structure of Entity i2c_master is up to date.
Compiling vhdl file "C:/Users/Win7/Desktop/Projekty/UCISW2-OLED/UCISW2_OLED_PROJECT/sources/GameModule.vhd" in Library work.
Entity <gamemodule> compiled.
Entity <gamemodule> (Architecture <behavioral>) compiled.
Compiling vhdl file "C:/Users/Win7/Desktop/Projekty/UCISW2-OLED/UCISW2_OLED_PROJECT/sources/Keyboard_Decoder.vhd" in Library work.
Architecture rtl of Entity keyboard_decoder is up to date.
Compiling vhdl file "C:/Users/Win7/Desktop/Projekty/UCISW2-OLED/UCISW2_OLED_PROJECT/schemat.vhf" in Library work.
Architecture behavioral of Entity ifd_mxilinx_schemat is up to date.
Architecture behavioral of Entity schemat is up to date.

=========================================================================
*                     Design Hierarchy Analysis                         *
=========================================================================
Analyzing hierarchy for entity <schemat> in library <work> (architecture <behavioral>).

Analyzing hierarchy for entity <Memory> in library <work> (architecture <behavioral>).

Analyzing hierarchy for entity <OLED_Ctrl> in library <work> (architecture <behavioral>).

Analyzing hierarchy for entity <IFD_MXILINX_schemat> in library <work> (architecture <behavioral>) with generics.
	INIT = '0'

Analyzing hierarchy for entity <I2C_Master> in library <work> (architecture <structure>).

Analyzing hierarchy for entity <GameModule> in library <work> (architecture <behavioral>).

Analyzing hierarchy for entity <Keyboard_Decoder> in library <work> (architecture <rtl>).


=========================================================================
*                            HDL Analysis                               *
=========================================================================
Analyzing Entity <schemat> in library <work> (Architecture <behavioral>).
    Set user-defined property "HU_SET =  XLXI_5_1" for instance <XLXI_5> in unit <schemat>.
WARNING:Xst:753 - "C:/Users/Win7/Desktop/Projekty/UCISW2-OLED/UCISW2_OLED_PROJECT/schemat.vhf" line 245: Unconnected output port 'FIFO_Empty' of component 'I2C_Master'.
WARNING:Xst:753 - "C:/Users/Win7/Desktop/Projekty/UCISW2-OLED/UCISW2_OLED_PROJECT/schemat.vhf" line 245: Unconnected output port 'FIFO_DO' of component 'I2C_Master'.
    Set user-defined property "HU_SET =  XLXI_8_0" for instance <XLXI_8> in unit <schemat>.
WARNING:Xst:2211 - "C:/Users/Win7/Desktop/Projekty/UCISW2-OLED/UCISW2_OLED_PROJECT/schemat.vhf" line 283: Instantiating black box module <PS2_Kbd>.
Entity <schemat> analyzed. Unit <schemat> generated.

Analyzing Entity <Memory> in library <work> (Architecture <behavioral>).
Entity <Memory> analyzed. Unit <Memory> generated.

Analyzing Entity <OLED_Ctrl> in library <work> (Architecture <behavioral>).
WARNING:Xst:790 - "C:/Users/Win7/Desktop/Projekty/UCISW2-OLED/UCISW2_OLED_PROJECT/sources/OLED_Ctrl.vhd" line 134: Index value(s) does not match array range, simulation mismatch.
Entity <OLED_Ctrl> analyzed. Unit <OLED_Ctrl> generated.

Analyzing generic Entity <IFD_MXILINX_schemat> in library <work> (Architecture <behavioral>).
	INIT = '0'
    Set user-defined property "INIT =  0" for instance <I_36_15> in unit <IFD_MXILINX_schemat>.
    Set user-defined property "IOB =  TRUE" for instance <I_36_15> in unit <IFD_MXILINX_schemat>.
    Set user-defined property "IBUF_DELAY_VALUE =  0" for instance <I_36_24> in unit <IFD_MXILINX_schemat>.
    Set user-defined property "IFD_DELAY_VALUE =  AUTO" for instance <I_36_24> in unit <IFD_MXILINX_schemat>.
    Set user-defined property "IOSTANDARD =  DEFAULT" for instance <I_36_24> in unit <IFD_MXILINX_schemat>.
Entity <IFD_MXILINX_schemat> analyzed. Unit <IFD_MXILINX_schemat> generated.

Analyzing Entity <I2C_Master> in library <work> (Architecture <structure>).
    Set user-defined property "INIT =  0" for instance <RdNotWr> in unit <I2C_Master>.
    Set user-defined property "INIT =  0" for instance <sregOut_0> in unit <I2C_Master>.
    Set user-defined property "INIT =  0" for instance <sregOut_1> in unit <I2C_Master>.
    Set user-defined property "INIT =  0" for instance <sregOut_2> in unit <I2C_Master>.
    Set user-defined property "INIT =  0" for instance <sregOut_3> in unit <I2C_Master>.
    Set user-defined property "INIT =  0" for instance <sregOut_4> in unit <I2C_Master>.
    Set user-defined property "INIT =  0" for instance <sregOut_5> in unit <I2C_Master>.
    Set user-defined property "INIT =  0" for instance <sregOut_6> in unit <I2C_Master>.
    Set user-defined property "INIT =  0" for instance <sregOut_7> in unit <I2C_Master>.
    Set user-defined property "INIT =  0" for instance <NACK_12> in unit <I2C_Master>.
    Set user-defined property "INIT =  0" for instance <sregIn_0> in unit <I2C_Master>.
    Set user-defined property "INIT =  0" for instance <sregIn_1> in unit <I2C_Master>.
    Set user-defined property "INIT =  0" for instance <sregIn_2> in unit <I2C_Master>.
    Set user-defined property "INIT =  0" for instance <sregIn_3> in unit <I2C_Master>.
    Set user-defined property "INIT =  0" for instance <sregIn_4> in unit <I2C_Master>.
    Set user-defined property "INIT =  0" for instance <sregIn_5> in unit <I2C_Master>.
    Set user-defined property "INIT =  0" for instance <sregIn_6> in unit <I2C_Master>.
    Set user-defined property "INIT =  0" for instance <sregIn_7> in unit <I2C_Master>.
    Set user-defined property "INIT =  0" for instance <cntBits_0> in unit <I2C_Master>.
    Set user-defined property "INIT =  0" for instance <cntBits_1> in unit <I2C_Master>.
    Set user-defined property "INIT =  0" for instance <cntBits_2> in unit <I2C_Master>.
    Set user-defined property "INIT =  0" for instance <cntBits_3> in unit <I2C_Master>.
    Set user-defined property "INIT =  0" for instance <cntSCL_0> in unit <I2C_Master>.
    Set user-defined property "INIT =  0" for instance <cntSCL_1> in unit <I2C_Master>.
    Set user-defined property "INIT =  0" for instance <cntSCL_2> in unit <I2C_Master>.
    Set user-defined property "INIT =  0" for instance <cntSCL_3> in unit <I2C_Master>.
    Set user-defined property "INIT =  0" for instance <cntSCL_4> in unit <I2C_Master>.
    Set user-defined property "INIT =  0" for instance <cntSCL_5> in unit <I2C_Master>.
    Set user-defined property "INIT =  0" for instance <cntSCL_6> in unit <I2C_Master>.
    Set user-defined property "INIT =  0" for instance <cntSCL_7> in unit <I2C_Master>.
    Set user-defined property "INIT =  0" for instance <cntBytes_0> in unit <I2C_Master>.
    Set user-defined property "INIT =  0" for instance <cntBytes_1> in unit <I2C_Master>.
    Set user-defined property "INIT =  0" for instance <cntBytes_2> in unit <I2C_Master>.
    Set user-defined property "INIT =  0" for instance <cntBytes_3> in unit <I2C_Master>.
    Set user-defined property "CAPACITANCE =  DONT_CARE" for instance <IOB1> in unit <I2C_Master>.
    Set user-defined property "DRIVE =  12" for instance <IOB1> in unit <I2C_Master>.
    Set user-defined property "IBUF_DELAY_VALUE =  0" for instance <IOB1> in unit <I2C_Master>.
    Set user-defined property "IBUF_LOW_PWR =  TRUE" for instance <IOB1> in unit <I2C_Master>.
    Set user-defined property "IFD_DELAY_VALUE =  AUTO" for instance <IOB1> in unit <I2C_Master>.
    Set user-defined property "IOSTANDARD =  DEFAULT" for instance <IOB1> in unit <I2C_Master>.
    Set user-defined property "SLEW =  20" for instance <IOB1> in unit <I2C_Master>.
    Set user-defined property "CAPACITANCE =  DONT_CARE" for instance <IOB2> in unit <I2C_Master>.
    Set user-defined property "DRIVE =  12" for instance <IOB2> in unit <I2C_Master>.
    Set user-defined property "IBUF_DELAY_VALUE =  0" for instance <IOB2> in unit <I2C_Master>.
    Set user-defined property "IBUF_LOW_PWR =  TRUE" for instance <IOB2> in unit <I2C_Master>.
    Set user-defined property "IFD_DELAY_VALUE =  AUTO" for instance <IOB2> in unit <I2C_Master>.
    Set user-defined property "IOSTANDARD =  DEFAULT" for instance <IOB2> in unit <I2C_Master>.
    Set user-defined property "SLEW =  20" for instance <IOB2> in unit <I2C_Master>.
    Set user-defined property "INIT =  0" for instance <state_FSM_FFd3> in unit <I2C_Master>.
    Set user-defined property "INIT =  0" for instance <state_FSM_FFd1> in unit <I2C_Master>.
    Set user-defined property "INIT =  1" for instance <state_FSM_FFd6> in unit <I2C_Master>.
    Set user-defined property "INIT =  0" for instance <state_FSM_FFd4> in unit <I2C_Master>.
    Set user-defined property "INIT =  0" for instance <i_FIFO_addrWr_3> in unit <I2C_Master>.
    Set user-defined property "INIT =  0" for instance <i_FIFO_addrWr_2> in unit <I2C_Master>.
    Set user-defined property "INIT =  0" for instance <i_FIFO_addrWr_1> in unit <I2C_Master>.
    Set user-defined property "INIT =  0" for instance <i_FIFO_addrWr_0> in unit <I2C_Master>.
    Set user-defined property "INIT =  0" for instance <i_FIFO_addrRd_3> in unit <I2C_Master>.
    Set user-defined property "INIT =  0" for instance <i_FIFO_addrRd_2> in unit <I2C_Master>.
    Set user-defined property "INIT =  0" for instance <i_FIFO_addrRd_1> in unit <I2C_Master>.
    Set user-defined property "INIT =  0" for instance <i_FIFO_addrRd_0> in unit <I2C_Master>.
    Set user-defined property "INIT =  0000" for instance <i_FIFO_Mram_RAM8> in unit <I2C_Master>.
    Set user-defined property "INIT =  0000" for instance <i_FIFO_Mram_RAM7> in unit <I2C_Master>.
    Set user-defined property "INIT =  0000" for instance <i_FIFO_Mram_RAM6> in unit <I2C_Master>.
    Set user-defined property "INIT =  0000" for instance <i_FIFO_Mram_RAM5> in unit <I2C_Master>.
    Set user-defined property "INIT =  0000" for instance <i_FIFO_Mram_RAM4> in unit <I2C_Master>.
    Set user-defined property "INIT =  0000" for instance <i_FIFO_Mram_RAM3> in unit <I2C_Master>.
    Set user-defined property "INIT =  0000" for instance <i_FIFO_Mram_RAM2> in unit <I2C_Master>.
    Set user-defined property "INIT =  0000" for instance <i_FIFO_Mram_RAM1> in unit <I2C_Master>.
    Set user-defined property "INIT =  0" for instance <i_FIFO_iFull> in unit <I2C_Master>.
    Set user-defined property "INIT =  1" for instance <i_FIFO_iEmpty> in unit <I2C_Master>.
    Set user-defined property "INIT =  6" for instance <Mcount_cntBits_xor_1_11> in unit <I2C_Master>.
    Set user-defined property "INIT =  6A" for instance <Mcount_cntBits_xor_2_11> in unit <I2C_Master>.
    Set user-defined property "INIT =  6AAA" for instance <Mcount_cntBits_xor_3_11> in unit <I2C_Master>.
    Set user-defined property "INIT =  8" for instance <RdNotWr_and00001> in unit <I2C_Master>.
    Set user-defined property "INIT =  EB41" for instance <Mcount_cntBytes_xor_1_11> in unit <I2C_Master>.
    Set user-defined property "INIT =  0080" for instance <NACK_and00007> in unit <I2C_Master>.
    Set user-defined property "INIT =  FE54" for instance <sregOut_mux0000_0_1> in unit <I2C_Master>.
    Set user-defined property "INIT =  FFBF" for instance <SCLout_mux00008> in unit <I2C_Master>.
    Set user-defined property "INIT =  7" for instance <SCLout_mux000017> in unit <I2C_Master>.
    Set user-defined property "INIT =  FFFB" for instance <SCLout_mux000021> in unit <I2C_Master>.
    Set user-defined property "INIT =  C040" for instance <SCLout_mux000061> in unit <I2C_Master>.
    Set user-defined property "INIT =  0080" for instance <sregIn_and00001> in unit <I2C_Master>.
    Set user-defined property "INIT =  8" for instance <SDAout_mux0003426> in unit <I2C_Master>.
    Set user-defined property "INIT =  8F88" for instance <state_FSM_FFd4_In1> in unit <I2C_Master>.
    Set user-defined property "INIT =  EA" for instance <state_FSM_FFd2_In2> in unit <I2C_Master>.
    Set user-defined property "INIT =  08" for instance <state_FSM_FFd2_In12> in unit <I2C_Master>.
    Set user-defined property "INIT =  2232" for instance <state_FSM_FFd2_In26> in unit <I2C_Master>.
    Set user-defined property "INIT =  0080" for instance <SDAout_mux00038> in unit <I2C_Master>.
    Set user-defined property "INIT =  1" for instance <SDAout_mux000316> in unit <I2C_Master>.
    Set user-defined property "INIT =  FF10" for instance <SDAout_mux000325> in unit <I2C_Master>.
    Set user-defined property "INIT =  F888" for instance <SDAout_mux0003431> in unit <I2C_Master>.
    Set user-defined property "INIT =  FFFE" for instance <SDAout_mux000393> in unit <I2C_Master>.
    Set user-defined property "INIT =  F7FF" for instance <SDAout_mux0003112> in unit <I2C_Master>.
    Set user-defined property "INIT =  E" for instance <SDAout_mux0003139> in unit <I2C_Master>.
    Set user-defined property "INIT =  FFD8" for instance <SDAout_mux0003180> in unit <I2C_Master>.
    Set user-defined property "INIT =  6" for instance <i_FIFO_Result_1_11> in unit <I2C_Master>.
    Set user-defined property "INIT =  6" for instance <i_FIFO_Result_1_1> in unit <I2C_Master>.
    Set user-defined property "INIT =  F7FF" for instance <cntBytes_not0001_SW0> in unit <I2C_Master>.
    Set user-defined property "INIT =  F2F0" for instance <cntBytes_not0001> in unit <I2C_Master>.
    Set user-defined property "INIT =  FA8A" for instance <state_FSM_FFd3_In> in unit <I2C_Master>.
    Set user-defined property "INIT =  A888" for instance <state_FSM_FFd1_In_SW0> in unit <I2C_Master>.
    Set user-defined property "INIT =  FD20" for instance <state_FSM_FFd1_In> in unit <I2C_Master>.
    Set user-defined property "INIT =  E" for instance <cntSCL_or00001> in unit <I2C_Master>.
    Set user-defined property "INIT =  BA" for instance <cntBits_or00001> in unit <I2C_Master>.
    Set user-defined property "INIT =  FFFD" for instance <sregOut_not000111> in unit <I2C_Master>.
    Set user-defined property "INIT =  FEAE" for instance <sregOut_not0001> in unit <I2C_Master>.
    Set user-defined property "INIT =  90" for instance <i_FIFO_iFull_and000076> in unit <I2C_Master>.
    Set user-defined property "INIT =  80" for instance <i_FIFO_iFull_and000096> in unit <I2C_Master>.
    Set user-defined property "INIT =  3237" for instance <i_FIFO_DoPop> in unit <I2C_Master>.
    Set user-defined property "INIT =  5444" for instance <i_FIFO_DoPush40> in unit <I2C_Master>.
    Set user-defined property "INIT =  1" for instance <SCLout> in unit <I2C_Master>.
    Set user-defined property "INIT =  A8" for instance <SCLout_mux0000721> in unit <I2C_Master>.
    Set user-defined property "INIT =  1" for instance <SDAout> in unit <I2C_Master>.
    Set user-defined property "INIT =  0" for instance <state_FSM_FFd5> in unit <I2C_Master>.
    Set user-defined property "INIT =  0" for instance <state_FSM_FFd2> in unit <I2C_Master>.
    Set user-defined property "INIT =  2" for instance <Mcount_cntSCL_cy_1_rt> in unit <I2C_Master>.
    Set user-defined property "INIT =  2" for instance <Mcount_cntSCL_cy_2_rt> in unit <I2C_Master>.
    Set user-defined property "INIT =  2" for instance <Mcount_cntSCL_cy_3_rt> in unit <I2C_Master>.
    Set user-defined property "INIT =  2" for instance <Mcount_cntSCL_cy_4_rt> in unit <I2C_Master>.
    Set user-defined property "INIT =  2" for instance <Mcount_cntSCL_cy_5_rt> in unit <I2C_Master>.
    Set user-defined property "INIT =  2" for instance <Mcount_cntSCL_cy_6_rt> in unit <I2C_Master>.
    Set user-defined property "INIT =  2" for instance <Mcount_cntSCL_xor_7_rt> in unit <I2C_Master>.
    Set user-defined property "INIT =  1" for instance <i_FIFO_DoPop_SW2> in unit <I2C_Master>.
    Set user-defined property "INIT =  ABFB" for instance <i_FIFO_iFull_or00001> in unit <I2C_Master>.
    Set user-defined property "INIT =  B" for instance <SDAout_mux000332_SW0> in unit <I2C_Master>.
    Set user-defined property "INIT =  0020" for instance <sclEnd_cmp_eq00001> in unit <I2C_Master>.
    Set user-defined property "INIT =  ECA0" for instance <SDAout_mux00032041> in unit <I2C_Master>.
    Set user-defined property "INIT =  0040" for instance <i_FIFO_DoPush13> in unit <I2C_Master>.
    Set user-defined property "INIT =  FFBF" for instance <sclEnd_cmp_eq00001_SW0> in unit <I2C_Master>.
    Set user-defined property "INIT =  2148" for instance <i_FIFO_iFull_and000071> in unit <I2C_Master>.
    Set user-defined property "INIT =  6AAA" for instance <i_FIFO_Result_3_2> in unit <I2C_Master>.
    Set user-defined property "INIT =  6AAA" for instance <i_FIFO_Result_3_11> in unit <I2C_Master>.
    Set user-defined property "INIT =  69C3" for instance <i_FIFO_iEmpty_and000058> in unit <I2C_Master>.
    Set user-defined property "INIT =  8000" for instance <sregOut_not0001_SW0> in unit <I2C_Master>.
    Set user-defined property "INIT =  69" for instance <i_FIFO_iEmpty_and000067> in unit <I2C_Master>.
    Set user-defined property "INIT =  AE" for instance <i_FIFO_DoPush40_SW0> in unit <I2C_Master>.
    Set user-defined property "INIT =  D" for instance <i_FIFO_DoPush40_SW1> in unit <I2C_Master>.
    Set user-defined property "INIT =  B8F0" for instance <i_FIFO_iEmpty_or00001> in unit <I2C_Master>.
    Set user-defined property "INIT =  FF01" for instance <SDAout_mux0003157_SW0> in unit <I2C_Master>.
    Set user-defined property "INIT =  028A" for instance <i_FIFO_iEmpty_and0000102> in unit <I2C_Master>.
    Set user-defined property "INIT =  69C3" for instance <i_FIFO_iFull_and000048> in unit <I2C_Master>.
    Set user-defined property "INIT =  D" for instance <NACK_and000020_SW0> in unit <I2C_Master>.
    Set user-defined property "INIT =  1000" for instance <NACK_and000022> in unit <I2C_Master>.
    Set user-defined property "INIT =  A8FF" for instance <i_FIFO_DoPop_SW3_G> in unit <I2C_Master>.
    Set user-defined property "INIT =  F1FF" for instance <i_FIFO_DoPop_SW4_G> in unit <I2C_Master>.
    Set user-defined property "INIT =  6A" for instance <i_FIFO_Result_2_11> in unit <I2C_Master>.
    Set user-defined property "INIT =  6A" for instance <i_FIFO_Result_2_1> in unit <I2C_Master>.
    Set user-defined property "INIT =  1000" for instance <SCLout_mux000063> in unit <I2C_Master>.
    Set user-defined property "INIT =  8F88" for instance <state_FSM_FFd5_In1> in unit <I2C_Master>.
    Set user-defined property "INIT =  B313" for instance <Mcount_cntBytes_xor_0_11> in unit <I2C_Master>.
    Set user-defined property "INIT =  FD20" for instance <DI_7_1> in unit <I2C_Master>.
    Set user-defined property "INIT =  FD20" for instance <DI_6_1> in unit <I2C_Master>.
    Set user-defined property "INIT =  FD20" for instance <DI_5_1> in unit <I2C_Master>.
    Set user-defined property "INIT =  FD20" for instance <DI_4_1> in unit <I2C_Master>.
    Set user-defined property "INIT =  FD20" for instance <DI_3_1> in unit <I2C_Master>.
    Set user-defined property "INIT =  FD20" for instance <DI_2_1> in unit <I2C_Master>.
    Set user-defined property "INIT =  FD20" for instance <DI_1_1> in unit <I2C_Master>.
    Set user-defined property "INIT =  FD20" for instance <DI_0_1> in unit <I2C_Master>.
    Set user-defined property "INIT =  C9" for instance <Mcount_cntBytes_xor_2_1_SW1> in unit <I2C_Master>.
    Set user-defined property "INIT =  EC4C" for instance <Mcount_cntBytes_xor_2_1> in unit <I2C_Master>.
    Set user-defined property "INIT =  AAA9" for instance <Mcount_cntBytes_xor_3_1_SW1> in unit <I2C_Master>.
    Set user-defined property "INIT =  EC4C" for instance <Mcount_cntBytes_xor_3_1> in unit <I2C_Master>.
    Set user-defined property "INIT =  EC4C" for instance <sregOut_mux0000_7_1> in unit <I2C_Master>.
    Set user-defined property "INIT =  EC4C" for instance <sregOut_mux0000_7_2> in unit <I2C_Master>.
    Set user-defined property "INIT =  EC4C" for instance <sregOut_mux0000_6_1> in unit <I2C_Master>.
    Set user-defined property "INIT =  EC4C" for instance <sregOut_mux0000_6_2> in unit <I2C_Master>.
    Set user-defined property "INIT =  EC4C" for instance <sregOut_mux0000_5_1> in unit <I2C_Master>.
    Set user-defined property "INIT =  EC4C" for instance <sregOut_mux0000_5_2> in unit <I2C_Master>.
    Set user-defined property "INIT =  EC4C" for instance <sregOut_mux0000_4_1> in unit <I2C_Master>.
    Set user-defined property "INIT =  EC4C" for instance <sregOut_mux0000_4_2> in unit <I2C_Master>.
    Set user-defined property "INIT =  EC4C" for instance <sregOut_mux0000_3_1> in unit <I2C_Master>.
    Set user-defined property "INIT =  EC4C" for instance <sregOut_mux0000_3_2> in unit <I2C_Master>.
    Set user-defined property "INIT =  EC4C" for instance <sregOut_mux0000_2_1> in unit <I2C_Master>.
    Set user-defined property "INIT =  EC4C" for instance <sregOut_mux0000_2_2> in unit <I2C_Master>.
    Set user-defined property "INIT =  EC4C" for instance <sregOut_mux0000_1_1> in unit <I2C_Master>.
    Set user-defined property "INIT =  EC4C" for instance <sregOut_mux0000_1_2> in unit <I2C_Master>.
    Set user-defined property "INIT =  FFFE" for instance <Mcount_cntBytes_xor_3_111> in unit <I2C_Master>.
    Set user-defined property "INIT =  0001" for instance <SDAout_mux0003412> in unit <I2C_Master>.
    Set user-defined property "INIT =  0001" for instance <SDAout_mux0003425> in unit <I2C_Master>.
    Set user-defined property "INIT =  B" for instance <SDAout_mux000337> in unit <I2C_Master>.
    Set user-defined property "INIT =  8" for instance <SDAout_mux000388> in unit <I2C_Master>.
    Set user-defined property "INIT =  7" for instance <SDAout_mux0003107> in unit <I2C_Master>.
    Set user-defined property "INIT =  F1" for instance <state_FSM_FFd3_In_SW0> in unit <I2C_Master>.
    Set user-defined property "INIT =  C404" for instance <sregOut_not0001_SW1> in unit <I2C_Master>.
    Set user-defined property "INIT =  08" for instance <SDAout_mux000332> in unit <I2C_Master>.
    Set user-defined property "INIT =  4000" for instance <NACK_and000011> in unit <I2C_Master>.
    Set user-defined property "INIT =  D" for instance <i_FIFO_DoPop_SW1> in unit <I2C_Master>.
    Set user-defined property "INIT =  FF7F" for instance <i_FIFO_DoPush13_SW0> in unit <I2C_Master>.
    Set user-defined property "INIT =  1000" for instance <SDAout_mux000358> in unit <I2C_Master>.
    Set user-defined property "INIT =  C4" for instance <i_FIFO_DoPush0> in unit <I2C_Master>.
    Set user-defined property "INIT =  FFFD" for instance <i_FIFO_DoPop_SW0> in unit <I2C_Master>.
    Set user-defined property "INIT =  FFFE" for instance <SDAout_mux0003157> in unit <I2C_Master>.
    Set user-defined property "INIT =  0990" for instance <i_FIFO_iEmpty_and0000102_SW0> in unit <I2C_Master>.
Entity <I2C_Master> analyzed. Unit <I2C_Master> generated.

Analyzing Entity <GameModule> in library <work> (Architecture <behavioral>).
INFO:Xst:2679 - Register <data_signal> in unit <GameModule> has a constant value of 00000000 during circuit operation. The register is replaced by logic.
Entity <GameModule> analyzed. Unit <GameModule> generated.

Analyzing Entity <Keyboard_Decoder> in library <work> (Architecture <rtl>).
Entity <Keyboard_Decoder> analyzed. Unit <Keyboard_Decoder> generated.


=========================================================================
*                           HDL Synthesis                               *
=========================================================================

Performing bidirectional port resolution...

Synthesizing Unit <Memory>.
    Related source file is "C:/Users/Win7/Desktop/Projekty/UCISW2-OLED/UCISW2_OLED_PROJECT/sources/Memory.vhd".
    Found 1024x8-bit dual-port RAM <Mram_RAM> for signal <RAM>.
    Summary:
	inferred   1 RAM(s).
Unit <Memory> synthesized.


Synthesizing Unit <OLED_Ctrl>.
    Related source file is "C:/Users/Win7/Desktop/Projekty/UCISW2-OLED/UCISW2_OLED_PROJECT/sources/OLED_Ctrl.vhd".
INFO:Xst:1799 - State swaitwrite is never reached in FSM <state>.
    Found finite state machine <FSM_0> for signal <state>.
    -----------------------------------------------------------------------
    | States             | 8                                              |
    | Transitions        | 13                                             |
    | Inputs             | 3                                              |
    | Outputs            | 6                                              |
    | Clock              | Clk                       (rising_edge)        |
    | Reset              | Reset                     (positive)           |
    | Reset type         | synchronous                                    |
    | Reset State        | sreset                                         |
    | Power Up State     | sreset                                         |
    | Encoding           | automatic                                      |
    | Implementation     | LUT                                            |
    -----------------------------------------------------------------------
    Found 4-bit up counter for signal <cntPush>.
    Found 10-bit up counter for signal <read_address_memory>.
    Summary:
	inferred   1 Finite State Machine(s).
	inferred   2 Counter(s).
Unit <OLED_Ctrl> synthesized.


Synthesizing Unit <GameModule>.
    Related source file is "C:/Users/Win7/Desktop/Projekty/UCISW2-OLED/UCISW2_OLED_PROJECT/sources/GameModule.vhd".
    Found finite state machine <FSM_1> for signal <state>.
    -----------------------------------------------------------------------
    | States             | 6                                              |
    | Transitions        | 9                                              |
    | Inputs             | 3                                              |
    | Outputs            | 6                                              |
    | Clock              | Clk                       (rising_edge)        |
    | Power Up State     | swait                                          |
    | Encoding           | automatic                                      |
    | Implementation     | LUT                                            |
    -----------------------------------------------------------------------
    Using one-hot encoding for signal <direction>.
    Found 1-bit register for signal <EnableWrite>.
    Found 10-bit register for signal <address_memory>.
    Found 7-bit adder for signal <address_memory$add0001> created at line 170.
    Found 10-bit adder for signal <address_memory$addsub0000> created at line 187.
    Found 7-bit subtractor for signal <address_memory$sub0001> created at line 177.
    Found 24-bit up counter for signal <counter_delay>.
    Found 8-bit register for signal <data_signal>.
    Found 4-bit register for signal <direction>.
    Found 1-bit register for signal <game_state<0>>.
    Found 7-bit register for signal <x>.
    Found 6-bit register for signal <y>.
    Found 6-bit addsub for signal <y$share0000>.
    Summary:
	inferred   1 Finite State Machine(s).
	inferred   1 Counter(s).
	inferred  37 D-type flip-flop(s).
	inferred   4 Adder/Subtractor(s).
Unit <GameModule> synthesized.


Synthesizing Unit <Keyboard_Decoder>.
    Related source file is "C:/Users/Win7/Desktop/Projekty/UCISW2-OLED/UCISW2_OLED_PROJECT/sources/Keyboard_Decoder.vhd".
Unit <Keyboard_Decoder> synthesized.


Synthesizing Unit <IFD_MXILINX_schemat>.
    Related source file is "C:/Users/Win7/Desktop/Projekty/UCISW2-OLED/UCISW2_OLED_PROJECT/schemat.vhf".
Unit <IFD_MXILINX_schemat> synthesized.


Synthesizing Unit <I2C_Master>.
    Related source file is "C:/Users/Win7/Desktop/Projekty/UCISW2-OLED/UCISW2_OLED_PROJECT/sources/I2C_Master.vhd".
WARNING:Xst:646 - Signal <NLW_i_FIFO_Mram_RAM8_SPO_UNCONNECTED> is assigned but never used. This unconnected signal will be trimmed during the optimization process.
WARNING:Xst:646 - Signal <NLW_i_FIFO_Mram_RAM7_SPO_UNCONNECTED> is assigned but never used. This unconnected signal will be trimmed during the optimization process.
WARNING:Xst:646 - Signal <NLW_i_FIFO_Mram_RAM6_SPO_UNCONNECTED> is assigned but never used. This unconnected signal will be trimmed during the optimization process.
WARNING:Xst:646 - Signal <NLW_i_FIFO_Mram_RAM5_SPO_UNCONNECTED> is assigned but never used. This unconnected signal will be trimmed during the optimization process.
WARNING:Xst:646 - Signal <NLW_i_FIFO_Mram_RAM4_SPO_UNCONNECTED> is assigned but never used. This unconnected signal will be trimmed during the optimization process.
WARNING:Xst:646 - Signal <NLW_i_FIFO_Mram_RAM3_SPO_UNCONNECTED> is assigned but never used. This unconnected signal will be trimmed during the optimization process.
WARNING:Xst:646 - Signal <NLW_i_FIFO_Mram_RAM2_SPO_UNCONNECTED> is assigned but never used. This unconnected signal will be trimmed during the optimization process.
WARNING:Xst:646 - Signal <NLW_i_FIFO_Mram_RAM1_SPO_UNCONNECTED> is assigned but never used. This unconnected signal will be trimmed during the optimization process.
WARNING:Xst:646 - Signal <NLW_IOB2_O_UNCONNECTED> is assigned but never used. This unconnected signal will be trimmed during the optimization process.
Unit <I2C_Master> synthesized.


Synthesizing Unit <schemat>.
    Related source file is "C:/Users/Win7/Desktop/Projekty/UCISW2-OLED/UCISW2_OLED_PROJECT/schemat.vhf".
WARNING:Xst:653 - Signal <XLXI_6_ReadCnt_openSignal> is used but never assigned. This sourceless signal will be automatically connected to value 0000.
WARNING:Xst:653 - Signal <XLXI_6_FIFO_Pop_openSignal> is used but never assigned. This sourceless signal will be automatically connected to value 0.
Unit <schemat> synthesized.

INFO:Xst:1767 - HDL ADVISOR - Resource sharing has identified that some arithmetic operations in this design can share the same physical resources for reduced device utilization. For improved clock frequency you may try to disable resource sharing.

=========================================================================
HDL Synthesis Report

Macro Statistics
# RAMs                                                 : 1
 1024x8-bit dual-port RAM                              : 1
# Adders/Subtractors                                   : 4
 10-bit adder                                          : 1
 6-bit addsub                                          : 1
 7-bit adder                                           : 1
 7-bit subtractor                                      : 1
# Counters                                             : 3
 10-bit up counter                                     : 1
 24-bit up counter                                     : 1
 4-bit up counter                                      : 1
# Registers                                            : 14
 1-bit register                                        : 10
 10-bit register                                       : 1
 4-bit register                                        : 1
 6-bit register                                        : 1
 7-bit register                                        : 1

=========================================================================

=========================================================================
*                       Advanced HDL Synthesis                          *
=========================================================================

Analyzing FSM <FSM_1> for best encoding.
Optimizing FSM <XLXI_7/state/FSM> on signal <state[1:6]> with one-hot encoding.
-----------------------------------
 State                 | Encoding
-----------------------------------
 swait                 | 000001
 sread                 | 000010
 ssetbit               | 000100
 swrite                | 001000
 sgame_over            | 010000
 sreset_to_start_state | 100000
-----------------------------------
Analyzing FSM <FSM_0> for best encoding.
Optimizing FSM <XLXI_2/state/FSM> on signal <state[1:8]> with one-hot encoding.
-------------------------
 State       | Encoding
-------------------------
 sreset      | 00000001
 sgo1        | 00000010
 spush1      | 00000100
 swait1      | 00001000
 swaitwrite  | unreached
 sgo2        | 00010000
 ssendbytes2 | 00100000
 spush2      | 01000000
 swait2      | 10000000
-------------------------
Reading core <sources/PS2_Kbd.ngc>.
Loading core <PS2_Kbd> for timing and area information for instance <XLXI_18>.
WARNING:Xst:2677 - Node <direction_3> of sequential type is unconnected in block <XLXI_7>.

Synthesizing (advanced) Unit <Memory>.
INFO:Xst:3218 - HDL ADVISOR - The RAM <Mram_RAM> will be implemented on LUTs either because you have described an asynchronous read or because of currently unsupported block RAM features. If you have described an asynchronous read, making it synchronous would allow you to take advantage of available block RAM resources, for optimized device usage and improved timings. Please refer to your documentation for coding guidelines.
    -----------------------------------------------------------------------
    | ram_type           | Distributed                         |          |
    -----------------------------------------------------------------------
    | Port A                                                              |
    |     aspect ratio   | 1024-word x 8-bit                   |          |
    |     clkA           | connected to signal <CLK>           | rise     |
    |     weA            | connected to signal <WriteEnable>   | high     |
    |     addrA          | connected to signal <WriteAddr>     |          |
    |     diA            | connected to signal <DataIN>        |          |
    |     doA            | connected to signal <Data2>         |          |
    -----------------------------------------------------------------------
    | Port B                                                              |
    |     aspect ratio   | 1024-word x 8-bit                   |          |
    |     addrB          | connected to signal <ReadAddr>      |          |
    |     doB            | connected to signal <Data>          |          |
    -----------------------------------------------------------------------
Unit <Memory> synthesized (advanced).
WARNING:Xst:2677 - Node <direction_3> of sequential type is unconnected in block <GameModule>.

=========================================================================
Advanced HDL Synthesis Report

Macro Statistics
# FSMs                                                 : 2
# RAMs                                                 : 1
 1024x8-bit dual-port distributed RAM                  : 1
# Adders/Subtractors                                   : 4
 10-bit adder                                          : 1
 6-bit addsub                                          : 1
 7-bit adder                                           : 1
 7-bit subtractor                                      : 1
# Counters                                             : 3
 10-bit up counter                                     : 1
 24-bit up counter                                     : 1
 4-bit up counter                                      : 1
# Registers                                            : 82
 Flip-Flops                                            : 82

=========================================================================

=========================================================================
*                         Low Level Synthesis                           *
=========================================================================

Optimizing unit <schemat> ...

Optimizing unit <OLED_Ctrl> ...

Optimizing unit <GameModule> ...

Optimizing unit <IFD_MXILINX_schemat> ...

Optimizing unit <I2C_Master> ...
INFO:Xst:2399 - RAMs <XLXI_1/Mram_RAM1>, <XLXI_1/Mram_RAM65> are equivalent, second RAM is removed
INFO:Xst:2399 - RAMs <XLXI_1/Mram_RAM1>, <XLXI_1/Mram_RAM129> are equivalent, second RAM is removed
INFO:Xst:2399 - RAMs <XLXI_1/Mram_RAM1>, <XLXI_1/Mram_RAM193> are equivalent, second RAM is removed
INFO:Xst:2399 - RAMs <XLXI_1/Mram_RAM1>, <XLXI_1/Mram_RAM257> are equivalent, second RAM is removed
INFO:Xst:2399 - RAMs <XLXI_1/Mram_RAM1>, <XLXI_1/Mram_RAM321> are equivalent, second RAM is removed
INFO:Xst:2399 - RAMs <XLXI_1/Mram_RAM1>, <XLXI_1/Mram_RAM385> are equivalent, second RAM is removed
INFO:Xst:2399 - RAMs <XLXI_1/Mram_RAM1>, <XLXI_1/Mram_RAM449> are equivalent, second RAM is removed
INFO:Xst:2399 - RAMs <XLXI_1/Mram_RAM2>, <XLXI_1/Mram_RAM66> are equivalent, second RAM is removed
INFO:Xst:2399 - RAMs <XLXI_1/Mram_RAM2>, <XLXI_1/Mram_RAM130> are equivalent, second RAM is removed
INFO:Xst:2399 - RAMs <XLXI_1/Mram_RAM2>, <XLXI_1/Mram_RAM194> are equivalent, second RAM is removed
INFO:Xst:2399 - RAMs <XLXI_1/Mram_RAM2>, <XLXI_1/Mram_RAM258> are equivalent, second RAM is removed
INFO:Xst:2399 - RAMs <XLXI_1/Mram_RAM2>, <XLXI_1/Mram_RAM322> are equivalent, second RAM is removed
INFO:Xst:2399 - RAMs <XLXI_1/Mram_RAM2>, <XLXI_1/Mram_RAM386> are equivalent, second RAM is removed
INFO:Xst:2399 - RAMs <XLXI_1/Mram_RAM2>, <XLXI_1/Mram_RAM450> are equivalent, second RAM is removed
INFO:Xst:2399 - RAMs <XLXI_1/Mram_RAM3>, <XLXI_1/Mram_RAM67> are equivalent, second RAM is removed
INFO:Xst:2399 - RAMs <XLXI_1/Mram_RAM3>, <XLXI_1/Mram_RAM131> are equivalent, second RAM is removed
INFO:Xst:2399 - RAMs <XLXI_1/Mram_RAM3>, <XLXI_1/Mram_RAM195> are equivalent, second RAM is removed
INFO:Xst:2399 - RAMs <XLXI_1/Mram_RAM3>, <XLXI_1/Mram_RAM259> are equivalent, second RAM is removed
INFO:Xst:2399 - RAMs <XLXI_1/Mram_RAM3>, <XLXI_1/Mram_RAM323> are equivalent, second RAM is removed
INFO:Xst:2399 - RAMs <XLXI_1/Mram_RAM3>, <XLXI_1/Mram_RAM387> are equivalent, second RAM is removed
INFO:Xst:2399 - RAMs <XLXI_1/Mram_RAM3>, <XLXI_1/Mram_RAM451> are equivalent, second RAM is removed
INFO:Xst:2399 - RAMs <XLXI_1/Mram_RAM4>, <XLXI_1/Mram_RAM68> are equivalent, second RAM is removed
INFO:Xst:2399 - RAMs <XLXI_1/Mram_RAM4>, <XLXI_1/Mram_RAM132> are equivalent, second RAM is removed
INFO:Xst:2399 - RAMs <XLXI_1/Mram_RAM4>, <XLXI_1/Mram_RAM196> are equivalent, second RAM is removed
INFO:Xst:2399 - RAMs <XLXI_1/Mram_RAM4>, <XLXI_1/Mram_RAM260> are equivalent, second RAM is removed
INFO:Xst:2399 - RAMs <XLXI_1/Mram_RAM4>, <XLXI_1/Mram_RAM324> are equivalent, second RAM is removed
INFO:Xst:2399 - RAMs <XLXI_1/Mram_RAM4>, <XLXI_1/Mram_RAM388> are equivalent, second RAM is removed
INFO:Xst:2399 - RAMs <XLXI_1/Mram_RAM4>, <XLXI_1/Mram_RAM452> are equivalent, second RAM is removed
INFO:Xst:2399 - RAMs <XLXI_1/Mram_RAM5>, <XLXI_1/Mram_RAM69> are equivalent, second RAM is removed
INFO:Xst:2399 - RAMs <XLXI_1/Mram_RAM5>, <XLXI_1/Mram_RAM133> are equivalent, second RAM is removed
INFO:Xst:2399 - RAMs <XLXI_1/Mram_RAM5>, <XLXI_1/Mram_RAM197> are equivalent, second RAM is removed
INFO:Xst:2399 - RAMs <XLXI_1/Mram_RAM5>, <XLXI_1/Mram_RAM261> are equivalent, second RAM is removed
INFO:Xst:2399 - RAMs <XLXI_1/Mram_RAM5>, <XLXI_1/Mram_RAM325> are equivalent, second RAM is removed
INFO:Xst:2399 - RAMs <XLXI_1/Mram_RAM5>, <XLXI_1/Mram_RAM389> are equivalent, second RAM is removed
INFO:Xst:2399 - RAMs <XLXI_1/Mram_RAM5>, <XLXI_1/Mram_RAM453> are equivalent, second RAM is removed
INFO:Xst:2399 - RAMs <XLXI_1/Mram_RAM6>, <XLXI_1/Mram_RAM70> are equivalent, second RAM is removed
INFO:Xst:2399 - RAMs <XLXI_1/Mram_RAM6>, <XLXI_1/Mram_RAM134> are equivalent, second RAM is removed
INFO:Xst:2399 - RAMs <XLXI_1/Mram_RAM6>, <XLXI_1/Mram_RAM198> are equivalent, second RAM is removed
INFO:Xst:2399 - RAMs <XLXI_1/Mram_RAM6>, <XLXI_1/Mram_RAM262> are equivalent, second RAM is removed
INFO:Xst:2399 - RAMs <XLXI_1/Mram_RAM6>, <XLXI_1/Mram_RAM326> are equivalent, second RAM is removed
INFO:Xst:2399 - RAMs <XLXI_1/Mram_RAM6>, <XLXI_1/Mram_RAM390> are equivalent, second RAM is removed
INFO:Xst:2399 - RAMs <XLXI_1/Mram_RAM6>, <XLXI_1/Mram_RAM454> are equivalent, second RAM is removed
INFO:Xst:2399 - RAMs <XLXI_1/Mram_RAM7>, <XLXI_1/Mram_RAM71> are equivalent, second RAM is removed
INFO:Xst:2399 - RAMs <XLXI_1/Mram_RAM7>, <XLXI_1/Mram_RAM135> are equivalent, second RAM is removed
INFO:Xst:2399 - RAMs <XLXI_1/Mram_RAM7>, <XLXI_1/Mram_RAM199> are equivalent, second RAM is removed
INFO:Xst:2399 - RAMs <XLXI_1/Mram_RAM7>, <XLXI_1/Mram_RAM263> are equivalent, second RAM is removed
INFO:Xst:2399 - RAMs <XLXI_1/Mram_RAM7>, <XLXI_1/Mram_RAM327> are equivalent, second RAM is removed
INFO:Xst:2399 - RAMs <XLXI_1/Mram_RAM7>, <XLXI_1/Mram_RAM391> are equivalent, second RAM is removed
INFO:Xst:2399 - RAMs <XLXI_1/Mram_RAM7>, <XLXI_1/Mram_RAM455> are equivalent, second RAM is removed
INFO:Xst:2399 - RAMs <XLXI_1/Mram_RAM8>, <XLXI_1/Mram_RAM72> are equivalent, second RAM is removed
INFO:Xst:2399 - RAMs <XLXI_1/Mram_RAM8>, <XLXI_1/Mram_RAM136> are equivalent, second RAM is removed
INFO:Xst:2399 - RAMs <XLXI_1/Mram_RAM8>, <XLXI_1/Mram_RAM200> are equivalent, second RAM is removed
INFO:Xst:2399 - RAMs <XLXI_1/Mram_RAM8>, <XLXI_1/Mram_RAM264> are equivalent, second RAM is removed
INFO:Xst:2399 - RAMs <XLXI_1/Mram_RAM8>, <XLXI_1/Mram_RAM328> are equivalent, second RAM is removed
INFO:Xst:2399 - RAMs <XLXI_1/Mram_RAM8>, <XLXI_1/Mram_RAM392> are equivalent, second RAM is removed
INFO:Xst:2399 - RAMs <XLXI_1/Mram_RAM8>, <XLXI_1/Mram_RAM456> are equivalent, second RAM is removed
INFO:Xst:2399 - RAMs <XLXI_1/Mram_RAM9>, <XLXI_1/Mram_RAM73> are equivalent, second RAM is removed
INFO:Xst:2399 - RAMs <XLXI_1/Mram_RAM9>, <XLXI_1/Mram_RAM137> are equivalent, second RAM is removed
INFO:Xst:2399 - RAMs <XLXI_1/Mram_RAM9>, <XLXI_1/Mram_RAM201> are equivalent, second RAM is removed
INFO:Xst:2399 - RAMs <XLXI_1/Mram_RAM9>, <XLXI_1/Mram_RAM265> are equivalent, second RAM is removed
INFO:Xst:2399 - RAMs <XLXI_1/Mram_RAM9>, <XLXI_1/Mram_RAM329> are equivalent, second RAM is removed
INFO:Xst:2399 - RAMs <XLXI_1/Mram_RAM9>, <XLXI_1/Mram_RAM393> are equivalent, second RAM is removed
INFO:Xst:2399 - RAMs <XLXI_1/Mram_RAM9>, <XLXI_1/Mram_RAM457> are equivalent, second RAM is removed
INFO:Xst:2399 - RAMs <XLXI_1/Mram_RAM10>, <XLXI_1/Mram_RAM74> are equivalent, second RAM is removed
INFO:Xst:2399 - RAMs <XLXI_1/Mram_RAM10>, <XLXI_1/Mram_RAM138> are equivalent, second RAM is removed
INFO:Xst:2399 - RAMs <XLXI_1/Mram_RAM10>, <XLXI_1/Mram_RAM202> are equivalent, second RAM is removed
INFO:Xst:2399 - RAMs <XLXI_1/Mram_RAM10>, <XLXI_1/Mram_RAM266> are equivalent, second RAM is removed
INFO:Xst:2399 - RAMs <XLXI_1/Mram_RAM10>, <XLXI_1/Mram_RAM330> are equivalent, second RAM is removed
INFO:Xst:2399 - RAMs <XLXI_1/Mram_RAM10>, <XLXI_1/Mram_RAM394> are equivalent, second RAM is removed
INFO:Xst:2399 - RAMs <XLXI_1/Mram_RAM10>, <XLXI_1/Mram_RAM458> are equivalent, second RAM is removed
INFO:Xst:2399 - RAMs <XLXI_1/Mram_RAM11>, <XLXI_1/Mram_RAM75> are equivalent, second RAM is removed
INFO:Xst:2399 - RAMs <XLXI_1/Mram_RAM11>, <XLXI_1/Mram_RAM139> are equivalent, second RAM is removed
INFO:Xst:2399 - RAMs <XLXI_1/Mram_RAM11>, <XLXI_1/Mram_RAM203> are equivalent, second RAM is removed
INFO:Xst:2399 - RAMs <XLXI_1/Mram_RAM11>, <XLXI_1/Mram_RAM267> are equivalent, second RAM is removed
INFO:Xst:2399 - RAMs <XLXI_1/Mram_RAM11>, <XLXI_1/Mram_RAM331> are equivalent, second RAM is removed
INFO:Xst:2399 - RAMs <XLXI_1/Mram_RAM11>, <XLXI_1/Mram_RAM395> are equivalent, second RAM is removed
INFO:Xst:2399 - RAMs <XLXI_1/Mram_RAM11>, <XLXI_1/Mram_RAM459> are equivalent, second RAM is removed
INFO:Xst:2399 - RAMs <XLXI_1/Mram_RAM14>, <XLXI_1/Mram_RAM78> are equivalent, second RAM is removed
INFO:Xst:2399 - RAMs <XLXI_1/Mram_RAM14>, <XLXI_1/Mram_RAM142> are equivalent, second RAM is removed
INFO:Xst:2399 - RAMs <XLXI_1/Mram_RAM14>, <XLXI_1/Mram_RAM206> are equivalent, second RAM is removed
INFO:Xst:2399 - RAMs <XLXI_1/Mram_RAM14>, <XLXI_1/Mram_RAM270> are equivalent, second RAM is removed
INFO:Xst:2399 - RAMs <XLXI_1/Mram_RAM14>, <XLXI_1/Mram_RAM334> are equivalent, second RAM is removed
INFO:Xst:2399 - RAMs <XLXI_1/Mram_RAM14>, <XLXI_1/Mram_RAM398> are equivalent, second RAM is removed
INFO:Xst:2399 - RAMs <XLXI_1/Mram_RAM14>, <XLXI_1/Mram_RAM462> are equivalent, second RAM is removed
INFO:Xst:2399 - RAMs <XLXI_1/Mram_RAM12>, <XLXI_1/Mram_RAM76> are equivalent, second RAM is removed
INFO:Xst:2399 - RAMs <XLXI_1/Mram_RAM12>, <XLXI_1/Mram_RAM140> are equivalent, second RAM is removed
INFO:Xst:2399 - RAMs <XLXI_1/Mram_RAM12>, <XLXI_1/Mram_RAM204> are equivalent, second RAM is removed
INFO:Xst:2399 - RAMs <XLXI_1/Mram_RAM12>, <XLXI_1/Mram_RAM268> are equivalent, second RAM is removed
INFO:Xst:2399 - RAMs <XLXI_1/Mram_RAM12>, <XLXI_1/Mram_RAM332> are equivalent, second RAM is removed
INFO:Xst:2399 - RAMs <XLXI_1/Mram_RAM12>, <XLXI_1/Mram_RAM396> are equivalent, second RAM is removed
INFO:Xst:2399 - RAMs <XLXI_1/Mram_RAM12>, <XLXI_1/Mram_RAM460> are equivalent, second RAM is removed
INFO:Xst:2399 - RAMs <XLXI_1/Mram_RAM13>, <XLXI_1/Mram_RAM77> are equivalent, second RAM is removed
INFO:Xst:2399 - RAMs <XLXI_1/Mram_RAM13>, <XLXI_1/Mram_RAM141> are equivalent, second RAM is removed
INFO:Xst:2399 - RAMs <XLXI_1/Mram_RAM13>, <XLXI_1/Mram_RAM205> are equivalent, second RAM is removed
INFO:Xst:2399 - RAMs <XLXI_1/Mram_RAM13>, <XLXI_1/Mram_RAM269> are equivalent, second RAM is removed
INFO:Xst:2399 - RAMs <XLXI_1/Mram_RAM13>, <XLXI_1/Mram_RAM333> are equivalent, second RAM is removed
INFO:Xst:2399 - RAMs <XLXI_1/Mram_RAM13>, <XLXI_1/Mram_RAM397> are equivalent, second RAM is removed
INFO:Xst:2399 - RAMs <XLXI_1/Mram_RAM13>, <XLXI_1/Mram_RAM461> are equivalent, second RAM is removed
INFO:Xst:2399 - RAMs <XLXI_1/Mram_RAM15>, <XLXI_1/Mram_RAM79> are equivalent, second RAM is removed
INFO:Xst:2399 - RAMs <XLXI_1/Mram_RAM15>, <XLXI_1/Mram_RAM143> are equivalent, second RAM is removed
INFO:Xst:2399 - RAMs <XLXI_1/Mram_RAM15>, <XLXI_1/Mram_RAM207> are equivalent, second RAM is removed
INFO:Xst:2399 - RAMs <XLXI_1/Mram_RAM15>, <XLXI_1/Mram_RAM271> are equivalent, second RAM is removed
INFO:Xst:2399 - RAMs <XLXI_1/Mram_RAM15>, <XLXI_1/Mram_RAM335> are equivalent, second RAM is removed
INFO:Xst:2399 - RAMs <XLXI_1/Mram_RAM15>, <XLXI_1/Mram_RAM399> are equivalent, second RAM is removed
INFO:Xst:2399 - RAMs <XLXI_1/Mram_RAM15>, <XLXI_1/Mram_RAM463> are equivalent, second RAM is removed
INFO:Xst:2399 - RAMs <XLXI_1/Mram_RAM16>, <XLXI_1/Mram_RAM80> are equivalent, second RAM is removed
INFO:Xst:2399 - RAMs <XLXI_1/Mram_RAM16>, <XLXI_1/Mram_RAM144> are equivalent, second RAM is removed
INFO:Xst:2399 - RAMs <XLXI_1/Mram_RAM16>, <XLXI_1/Mram_RAM208> are equivalent, second RAM is removed
INFO:Xst:2399 - RAMs <XLXI_1/Mram_RAM16>, <XLXI_1/Mram_RAM272> are equivalent, second RAM is removed
INFO:Xst:2399 - RAMs <XLXI_1/Mram_RAM16>, <XLXI_1/Mram_RAM336> are equivalent, second RAM is removed
INFO:Xst:2399 - RAMs <XLXI_1/Mram_RAM16>, <XLXI_1/Mram_RAM400> are equivalent, second RAM is removed
INFO:Xst:2399 - RAMs <XLXI_1/Mram_RAM16>, <XLXI_1/Mram_RAM464> are equivalent, second RAM is removed
INFO:Xst:2399 - RAMs <XLXI_1/Mram_RAM17>, <XLXI_1/Mram_RAM81> are equivalent, second RAM is removed
INFO:Xst:2399 - RAMs <XLXI_1/Mram_RAM17>, <XLXI_1/Mram_RAM145> are equivalent, second RAM is removed
INFO:Xst:2399 - RAMs <XLXI_1/Mram_RAM17>, <XLXI_1/Mram_RAM209> are equivalent, second RAM is removed
INFO:Xst:2399 - RAMs <XLXI_1/Mram_RAM17>, <XLXI_1/Mram_RAM273> are equivalent, second RAM is removed
INFO:Xst:2399 - RAMs <XLXI_1/Mram_RAM17>, <XLXI_1/Mram_RAM337> are equivalent, second RAM is removed
INFO:Xst:2399 - RAMs <XLXI_1/Mram_RAM17>, <XLXI_1/Mram_RAM401> are equivalent, second RAM is removed
INFO:Xst:2399 - RAMs <XLXI_1/Mram_RAM17>, <XLXI_1/Mram_RAM465> are equivalent, second RAM is removed
INFO:Xst:2399 - RAMs <XLXI_1/Mram_RAM18>, <XLXI_1/Mram_RAM82> are equivalent, second RAM is removed
INFO:Xst:2399 - RAMs <XLXI_1/Mram_RAM18>, <XLXI_1/Mram_RAM146> are equivalent, second RAM is removed
INFO:Xst:2399 - RAMs <XLXI_1/Mram_RAM18>, <XLXI_1/Mram_RAM210> are equivalent, second RAM is removed
INFO:Xst:2399 - RAMs <XLXI_1/Mram_RAM18>, <XLXI_1/Mram_RAM274> are equivalent, second RAM is removed
INFO:Xst:2399 - RAMs <XLXI_1/Mram_RAM18>, <XLXI_1/Mram_RAM338> are equivalent, second RAM is removed
INFO:Xst:2399 - RAMs <XLXI_1/Mram_RAM18>, <XLXI_1/Mram_RAM402> are equivalent, second RAM is removed
INFO:Xst:2399 - RAMs <XLXI_1/Mram_RAM18>, <XLXI_1/Mram_RAM466> are equivalent, second RAM is removed
INFO:Xst:2399 - RAMs <XLXI_1/Mram_RAM19>, <XLXI_1/Mram_RAM83> are equivalent, second RAM is removed
INFO:Xst:2399 - RAMs <XLXI_1/Mram_RAM19>, <XLXI_1/Mram_RAM147> are equivalent, second RAM is removed
INFO:Xst:2399 - RAMs <XLXI_1/Mram_RAM19>, <XLXI_1/Mram_RAM211> are equivalent, second RAM is removed
INFO:Xst:2399 - RAMs <XLXI_1/Mram_RAM19>, <XLXI_1/Mram_RAM275> are equivalent, second RAM is removed
INFO:Xst:2399 - RAMs <XLXI_1/Mram_RAM19>, <XLXI_1/Mram_RAM339> are equivalent, second RAM is removed
INFO:Xst:2399 - RAMs <XLXI_1/Mram_RAM19>, <XLXI_1/Mram_RAM403> are equivalent, second RAM is removed
INFO:Xst:2399 - RAMs <XLXI_1/Mram_RAM19>, <XLXI_1/Mram_RAM467> are equivalent, second RAM is removed
INFO:Xst:2399 - RAMs <XLXI_1/Mram_RAM20>, <XLXI_1/Mram_RAM84> are equivalent, second RAM is removed
INFO:Xst:2399 - RAMs <XLXI_1/Mram_RAM20>, <XLXI_1/Mram_RAM148> are equivalent, second RAM is removed
INFO:Xst:2399 - RAMs <XLXI_1/Mram_RAM20>, <XLXI_1/Mram_RAM212> are equivalent, second RAM is removed
INFO:Xst:2399 - RAMs <XLXI_1/Mram_RAM20>, <XLXI_1/Mram_RAM276> are equivalent, second RAM is removed
INFO:Xst:2399 - RAMs <XLXI_1/Mram_RAM20>, <XLXI_1/Mram_RAM340> are equivalent, second RAM is removed
INFO:Xst:2399 - RAMs <XLXI_1/Mram_RAM20>, <XLXI_1/Mram_RAM404> are equivalent, second RAM is removed
INFO:Xst:2399 - RAMs <XLXI_1/Mram_RAM20>, <XLXI_1/Mram_RAM468> are equivalent, second RAM is removed
INFO:Xst:2399 - RAMs <XLXI_1/Mram_RAM21>, <XLXI_1/Mram_RAM85> are equivalent, second RAM is removed
INFO:Xst:2399 - RAMs <XLXI_1/Mram_RAM21>, <XLXI_1/Mram_RAM149> are equivalent, second RAM is removed
INFO:Xst:2399 - RAMs <XLXI_1/Mram_RAM21>, <XLXI_1/Mram_RAM213> are equivalent, second RAM is removed
INFO:Xst:2399 - RAMs <XLXI_1/Mram_RAM21>, <XLXI_1/Mram_RAM277> are equivalent, second RAM is removed
INFO:Xst:2399 - RAMs <XLXI_1/Mram_RAM21>, <XLXI_1/Mram_RAM341> are equivalent, second RAM is removed
INFO:Xst:2399 - RAMs <XLXI_1/Mram_RAM21>, <XLXI_1/Mram_RAM405> are equivalent, second RAM is removed
INFO:Xst:2399 - RAMs <XLXI_1/Mram_RAM21>, <XLXI_1/Mram_RAM469> are equivalent, second RAM is removed
INFO:Xst:2399 - RAMs <XLXI_1/Mram_RAM22>, <XLXI_1/Mram_RAM86> are equivalent, second RAM is removed
INFO:Xst:2399 - RAMs <XLXI_1/Mram_RAM22>, <XLXI_1/Mram_RAM150> are equivalent, second RAM is removed
INFO:Xst:2399 - RAMs <XLXI_1/Mram_RAM22>, <XLXI_1/Mram_RAM214> are equivalent, second RAM is removed
INFO:Xst:2399 - RAMs <XLXI_1/Mram_RAM22>, <XLXI_1/Mram_RAM278> are equivalent, second RAM is removed
INFO:Xst:2399 - RAMs <XLXI_1/Mram_RAM22>, <XLXI_1/Mram_RAM342> are equivalent, second RAM is removed
INFO:Xst:2399 - RAMs <XLXI_1/Mram_RAM22>, <XLXI_1/Mram_RAM406> are equivalent, second RAM is removed
INFO:Xst:2399 - RAMs <XLXI_1/Mram_RAM22>, <XLXI_1/Mram_RAM470> are equivalent, second RAM is removed
INFO:Xst:2399 - RAMs <XLXI_1/Mram_RAM23>, <XLXI_1/Mram_RAM87> are equivalent, second RAM is removed
INFO:Xst:2399 - RAMs <XLXI_1/Mram_RAM23>, <XLXI_1/Mram_RAM151> are equivalent, second RAM is removed
INFO:Xst:2399 - RAMs <XLXI_1/Mram_RAM23>, <XLXI_1/Mram_RAM215> are equivalent, second RAM is removed
INFO:Xst:2399 - RAMs <XLXI_1/Mram_RAM23>, <XLXI_1/Mram_RAM279> are equivalent, second RAM is removed
INFO:Xst:2399 - RAMs <XLXI_1/Mram_RAM23>, <XLXI_1/Mram_RAM343> are equivalent, second RAM is removed
INFO:Xst:2399 - RAMs <XLXI_1/Mram_RAM23>, <XLXI_1/Mram_RAM407> are equivalent, second RAM is removed
INFO:Xst:2399 - RAMs <XLXI_1/Mram_RAM23>, <XLXI_1/Mram_RAM471> are equivalent, second RAM is removed
INFO:Xst:2399 - RAMs <XLXI_1/Mram_RAM24>, <XLXI_1/Mram_RAM88> are equivalent, second RAM is removed
INFO:Xst:2399 - RAMs <XLXI_1/Mram_RAM24>, <XLXI_1/Mram_RAM152> are equivalent, second RAM is removed
INFO:Xst:2399 - RAMs <XLXI_1/Mram_RAM24>, <XLXI_1/Mram_RAM216> are equivalent, second RAM is removed
INFO:Xst:2399 - RAMs <XLXI_1/Mram_RAM24>, <XLXI_1/Mram_RAM280> are equivalent, second RAM is removed
INFO:Xst:2399 - RAMs <XLXI_1/Mram_RAM24>, <XLXI_1/Mram_RAM344> are equivalent, second RAM is removed
INFO:Xst:2399 - RAMs <XLXI_1/Mram_RAM24>, <XLXI_1/Mram_RAM408> are equivalent, second RAM is removed
INFO:Xst:2399 - RAMs <XLXI_1/Mram_RAM24>, <XLXI_1/Mram_RAM472> are equivalent, second RAM is removed
INFO:Xst:2399 - RAMs <XLXI_1/Mram_RAM25>, <XLXI_1/Mram_RAM89> are equivalent, second RAM is removed
INFO:Xst:2399 - RAMs <XLXI_1/Mram_RAM25>, <XLXI_1/Mram_RAM153> are equivalent, second RAM is removed
INFO:Xst:2399 - RAMs <XLXI_1/Mram_RAM25>, <XLXI_1/Mram_RAM217> are equivalent, second RAM is removed
INFO:Xst:2399 - RAMs <XLXI_1/Mram_RAM25>, <XLXI_1/Mram_RAM281> are equivalent, second RAM is removed
INFO:Xst:2399 - RAMs <XLXI_1/Mram_RAM25>, <XLXI_1/Mram_RAM345> are equivalent, second RAM is removed
INFO:Xst:2399 - RAMs <XLXI_1/Mram_RAM25>, <XLXI_1/Mram_RAM409> are equivalent, second RAM is removed
INFO:Xst:2399 - RAMs <XLXI_1/Mram_RAM25>, <XLXI_1/Mram_RAM473> are equivalent, second RAM is removed
INFO:Xst:2399 - RAMs <XLXI_1/Mram_RAM26>, <XLXI_1/Mram_RAM90> are equivalent, second RAM is removed
INFO:Xst:2399 - RAMs <XLXI_1/Mram_RAM26>, <XLXI_1/Mram_RAM154> are equivalent, second RAM is removed
INFO:Xst:2399 - RAMs <XLXI_1/Mram_RAM26>, <XLXI_1/Mram_RAM218> are equivalent, second RAM is removed
INFO:Xst:2399 - RAMs <XLXI_1/Mram_RAM26>, <XLXI_1/Mram_RAM282> are equivalent, second RAM is removed
INFO:Xst:2399 - RAMs <XLXI_1/Mram_RAM26>, <XLXI_1/Mram_RAM346> are equivalent, second RAM is removed
INFO:Xst:2399 - RAMs <XLXI_1/Mram_RAM26>, <XLXI_1/Mram_RAM410> are equivalent, second RAM is removed
INFO:Xst:2399 - RAMs <XLXI_1/Mram_RAM26>, <XLXI_1/Mram_RAM474> are equivalent, second RAM is removed
INFO:Xst:2399 - RAMs <XLXI_1/Mram_RAM27>, <XLXI_1/Mram_RAM91> are equivalent, second RAM is removed
INFO:Xst:2399 - RAMs <XLXI_1/Mram_RAM27>, <XLXI_1/Mram_RAM155> are equivalent, second RAM is removed
INFO:Xst:2399 - RAMs <XLXI_1/Mram_RAM27>, <XLXI_1/Mram_RAM219> are equivalent, second RAM is removed
INFO:Xst:2399 - RAMs <XLXI_1/Mram_RAM27>, <XLXI_1/Mram_RAM283> are equivalent, second RAM is removed
INFO:Xst:2399 - RAMs <XLXI_1/Mram_RAM27>, <XLXI_1/Mram_RAM347> are equivalent, second RAM is removed
INFO:Xst:2399 - RAMs <XLXI_1/Mram_RAM27>, <XLXI_1/Mram_RAM411> are equivalent, second RAM is removed
INFO:Xst:2399 - RAMs <XLXI_1/Mram_RAM27>, <XLXI_1/Mram_RAM475> are equivalent, second RAM is removed
INFO:Xst:2399 - RAMs <XLXI_1/Mram_RAM28>, <XLXI_1/Mram_RAM92> are equivalent, second RAM is removed
INFO:Xst:2399 - RAMs <XLXI_1/Mram_RAM28>, <XLXI_1/Mram_RAM156> are equivalent, second RAM is removed
INFO:Xst:2399 - RAMs <XLXI_1/Mram_RAM28>, <XLXI_1/Mram_RAM220> are equivalent, second RAM is removed
INFO:Xst:2399 - RAMs <XLXI_1/Mram_RAM28>, <XLXI_1/Mram_RAM284> are equivalent, second RAM is removed
INFO:Xst:2399 - RAMs <XLXI_1/Mram_RAM28>, <XLXI_1/Mram_RAM348> are equivalent, second RAM is removed
INFO:Xst:2399 - RAMs <XLXI_1/Mram_RAM28>, <XLXI_1/Mram_RAM412> are equivalent, second RAM is removed
INFO:Xst:2399 - RAMs <XLXI_1/Mram_RAM28>, <XLXI_1/Mram_RAM476> are equivalent, second RAM is removed
INFO:Xst:2399 - RAMs <XLXI_1/Mram_RAM31>, <XLXI_1/Mram_RAM95> are equivalent, second RAM is removed
INFO:Xst:2399 - RAMs <XLXI_1/Mram_RAM31>, <XLXI_1/Mram_RAM159> are equivalent, second RAM is removed
INFO:Xst:2399 - RAMs <XLXI_1/Mram_RAM31>, <XLXI_1/Mram_RAM223> are equivalent, second RAM is removed
INFO:Xst:2399 - RAMs <XLXI_1/Mram_RAM31>, <XLXI_1/Mram_RAM287> are equivalent, second RAM is removed
INFO:Xst:2399 - RAMs <XLXI_1/Mram_RAM31>, <XLXI_1/Mram_RAM351> are equivalent, second RAM is removed
INFO:Xst:2399 - RAMs <XLXI_1/Mram_RAM31>, <XLXI_1/Mram_RAM415> are equivalent, second RAM is removed
INFO:Xst:2399 - RAMs <XLXI_1/Mram_RAM31>, <XLXI_1/Mram_RAM479> are equivalent, second RAM is removed
INFO:Xst:2399 - RAMs <XLXI_1/Mram_RAM29>, <XLXI_1/Mram_RAM93> are equivalent, second RAM is removed
INFO:Xst:2399 - RAMs <XLXI_1/Mram_RAM29>, <XLXI_1/Mram_RAM157> are equivalent, second RAM is removed
INFO:Xst:2399 - RAMs <XLXI_1/Mram_RAM29>, <XLXI_1/Mram_RAM221> are equivalent, second RAM is removed
INFO:Xst:2399 - RAMs <XLXI_1/Mram_RAM29>, <XLXI_1/Mram_RAM285> are equivalent, second RAM is removed
INFO:Xst:2399 - RAMs <XLXI_1/Mram_RAM29>, <XLXI_1/Mram_RAM349> are equivalent, second RAM is removed
INFO:Xst:2399 - RAMs <XLXI_1/Mram_RAM29>, <XLXI_1/Mram_RAM413> are equivalent, second RAM is removed
INFO:Xst:2399 - RAMs <XLXI_1/Mram_RAM29>, <XLXI_1/Mram_RAM477> are equivalent, second RAM is removed
INFO:Xst:2399 - RAMs <XLXI_1/Mram_RAM30>, <XLXI_1/Mram_RAM94> are equivalent, second RAM is removed
INFO:Xst:2399 - RAMs <XLXI_1/Mram_RAM30>, <XLXI_1/Mram_RAM158> are equivalent, second RAM is removed
INFO:Xst:2399 - RAMs <XLXI_1/Mram_RAM30>, <XLXI_1/Mram_RAM222> are equivalent, second RAM is removed
INFO:Xst:2399 - RAMs <XLXI_1/Mram_RAM30>, <XLXI_1/Mram_RAM286> are equivalent, second RAM is removed
INFO:Xst:2399 - RAMs <XLXI_1/Mram_RAM30>, <XLXI_1/Mram_RAM350> are equivalent, second RAM is removed
INFO:Xst:2399 - RAMs <XLXI_1/Mram_RAM30>, <XLXI_1/Mram_RAM414> are equivalent, second RAM is removed
INFO:Xst:2399 - RAMs <XLXI_1/Mram_RAM30>, <XLXI_1/Mram_RAM478> are equivalent, second RAM is removed
INFO:Xst:2399 - RAMs <XLXI_1/Mram_RAM32>, <XLXI_1/Mram_RAM96> are equivalent, second RAM is removed
INFO:Xst:2399 - RAMs <XLXI_1/Mram_RAM32>, <XLXI_1/Mram_RAM160> are equivalent, second RAM is removed
INFO:Xst:2399 - RAMs <XLXI_1/Mram_RAM32>, <XLXI_1/Mram_RAM224> are equivalent, second RAM is removed
INFO:Xst:2399 - RAMs <XLXI_1/Mram_RAM32>, <XLXI_1/Mram_RAM288> are equivalent, second RAM is removed
INFO:Xst:2399 - RAMs <XLXI_1/Mram_RAM32>, <XLXI_1/Mram_RAM352> are equivalent, second RAM is removed
INFO:Xst:2399 - RAMs <XLXI_1/Mram_RAM32>, <XLXI_1/Mram_RAM416> are equivalent, second RAM is removed
INFO:Xst:2399 - RAMs <XLXI_1/Mram_RAM32>, <XLXI_1/Mram_RAM480> are equivalent, second RAM is removed
INFO:Xst:2399 - RAMs <XLXI_1/Mram_RAM33>, <XLXI_1/Mram_RAM97> are equivalent, second RAM is removed
INFO:Xst:2399 - RAMs <XLXI_1/Mram_RAM33>, <XLXI_1/Mram_RAM161> are equivalent, second RAM is removed
INFO:Xst:2399 - RAMs <XLXI_1/Mram_RAM33>, <XLXI_1/Mram_RAM225> are equivalent, second RAM is removed
INFO:Xst:2399 - RAMs <XLXI_1/Mram_RAM33>, <XLXI_1/Mram_RAM289> are equivalent, second RAM is removed
INFO:Xst:2399 - RAMs <XLXI_1/Mram_RAM33>, <XLXI_1/Mram_RAM353> are equivalent, second RAM is removed
INFO:Xst:2399 - RAMs <XLXI_1/Mram_RAM33>, <XLXI_1/Mram_RAM417> are equivalent, second RAM is removed
INFO:Xst:2399 - RAMs <XLXI_1/Mram_RAM33>, <XLXI_1/Mram_RAM481> are equivalent, second RAM is removed
INFO:Xst:2399 - RAMs <XLXI_1/Mram_RAM34>, <XLXI_1/Mram_RAM98> are equivalent, second RAM is removed
INFO:Xst:2399 - RAMs <XLXI_1/Mram_RAM34>, <XLXI_1/Mram_RAM162> are equivalent, second RAM is removed
INFO:Xst:2399 - RAMs <XLXI_1/Mram_RAM34>, <XLXI_1/Mram_RAM226> are equivalent, second RAM is removed
INFO:Xst:2399 - RAMs <XLXI_1/Mram_RAM34>, <XLXI_1/Mram_RAM290> are equivalent, second RAM is removed
INFO:Xst:2399 - RAMs <XLXI_1/Mram_RAM34>, <XLXI_1/Mram_RAM354> are equivalent, second RAM is removed
INFO:Xst:2399 - RAMs <XLXI_1/Mram_RAM34>, <XLXI_1/Mram_RAM418> are equivalent, second RAM is removed
INFO:Xst:2399 - RAMs <XLXI_1/Mram_RAM34>, <XLXI_1/Mram_RAM482> are equivalent, second RAM is removed
INFO:Xst:2399 - RAMs <XLXI_1/Mram_RAM35>, <XLXI_1/Mram_RAM99> are equivalent, second RAM is removed
INFO:Xst:2399 - RAMs <XLXI_1/Mram_RAM35>, <XLXI_1/Mram_RAM163> are equivalent, second RAM is removed
INFO:Xst:2399 - RAMs <XLXI_1/Mram_RAM35>, <XLXI_1/Mram_RAM227> are equivalent, second RAM is removed
INFO:Xst:2399 - RAMs <XLXI_1/Mram_RAM35>, <XLXI_1/Mram_RAM291> are equivalent, second RAM is removed
INFO:Xst:2399 - RAMs <XLXI_1/Mram_RAM35>, <XLXI_1/Mram_RAM355> are equivalent, second RAM is removed
INFO:Xst:2399 - RAMs <XLXI_1/Mram_RAM35>, <XLXI_1/Mram_RAM419> are equivalent, second RAM is removed
INFO:Xst:2399 - RAMs <XLXI_1/Mram_RAM35>, <XLXI_1/Mram_RAM483> are equivalent, second RAM is removed
INFO:Xst:2399 - RAMs <XLXI_1/Mram_RAM36>, <XLXI_1/Mram_RAM100> are equivalent, second RAM is removed
INFO:Xst:2399 - RAMs <XLXI_1/Mram_RAM36>, <XLXI_1/Mram_RAM164> are equivalent, second RAM is removed
INFO:Xst:2399 - RAMs <XLXI_1/Mram_RAM36>, <XLXI_1/Mram_RAM228> are equivalent, second RAM is removed
INFO:Xst:2399 - RAMs <XLXI_1/Mram_RAM36>, <XLXI_1/Mram_RAM292> are equivalent, second RAM is removed
INFO:Xst:2399 - RAMs <XLXI_1/Mram_RAM36>, <XLXI_1/Mram_RAM356> are equivalent, second RAM is removed
INFO:Xst:2399 - RAMs <XLXI_1/Mram_RAM36>, <XLXI_1/Mram_RAM420> are equivalent, second RAM is removed
INFO:Xst:2399 - RAMs <XLXI_1/Mram_RAM36>, <XLXI_1/Mram_RAM484> are equivalent, second RAM is removed
INFO:Xst:2399 - RAMs <XLXI_1/Mram_RAM37>, <XLXI_1/Mram_RAM101> are equivalent, second RAM is removed
INFO:Xst:2399 - RAMs <XLXI_1/Mram_RAM37>, <XLXI_1/Mram_RAM165> are equivalent, second RAM is removed
INFO:Xst:2399 - RAMs <XLXI_1/Mram_RAM37>, <XLXI_1/Mram_RAM229> are equivalent, second RAM is removed
INFO:Xst:2399 - RAMs <XLXI_1/Mram_RAM37>, <XLXI_1/Mram_RAM293> are equivalent, second RAM is removed
INFO:Xst:2399 - RAMs <XLXI_1/Mram_RAM37>, <XLXI_1/Mram_RAM357> are equivalent, second RAM is removed
INFO:Xst:2399 - RAMs <XLXI_1/Mram_RAM37>, <XLXI_1/Mram_RAM421> are equivalent, second RAM is removed
INFO:Xst:2399 - RAMs <XLXI_1/Mram_RAM37>, <XLXI_1/Mram_RAM485> are equivalent, second RAM is removed
INFO:Xst:2399 - RAMs <XLXI_1/Mram_RAM38>, <XLXI_1/Mram_RAM102> are equivalent, second RAM is removed
INFO:Xst:2399 - RAMs <XLXI_1/Mram_RAM38>, <XLXI_1/Mram_RAM166> are equivalent, second RAM is removed
INFO:Xst:2399 - RAMs <XLXI_1/Mram_RAM38>, <XLXI_1/Mram_RAM230> are equivalent, second RAM is removed
INFO:Xst:2399 - RAMs <XLXI_1/Mram_RAM38>, <XLXI_1/Mram_RAM294> are equivalent, second RAM is removed
INFO:Xst:2399 - RAMs <XLXI_1/Mram_RAM38>, <XLXI_1/Mram_RAM358> are equivalent, second RAM is removed
INFO:Xst:2399 - RAMs <XLXI_1/Mram_RAM38>, <XLXI_1/Mram_RAM422> are equivalent, second RAM is removed
INFO:Xst:2399 - RAMs <XLXI_1/Mram_RAM38>, <XLXI_1/Mram_RAM486> are equivalent, second RAM is removed
INFO:Xst:2399 - RAMs <XLXI_1/Mram_RAM39>, <XLXI_1/Mram_RAM103> are equivalent, second RAM is removed
INFO:Xst:2399 - RAMs <XLXI_1/Mram_RAM39>, <XLXI_1/Mram_RAM167> are equivalent, second RAM is removed
INFO:Xst:2399 - RAMs <XLXI_1/Mram_RAM39>, <XLXI_1/Mram_RAM231> are equivalent, second RAM is removed
INFO:Xst:2399 - RAMs <XLXI_1/Mram_RAM39>, <XLXI_1/Mram_RAM295> are equivalent, second RAM is removed
INFO:Xst:2399 - RAMs <XLXI_1/Mram_RAM39>, <XLXI_1/Mram_RAM359> are equivalent, second RAM is removed
INFO:Xst:2399 - RAMs <XLXI_1/Mram_RAM39>, <XLXI_1/Mram_RAM423> are equivalent, second RAM is removed
INFO:Xst:2399 - RAMs <XLXI_1/Mram_RAM39>, <XLXI_1/Mram_RAM487> are equivalent, second RAM is removed
INFO:Xst:2399 - RAMs <XLXI_1/Mram_RAM40>, <XLXI_1/Mram_RAM104> are equivalent, second RAM is removed
INFO:Xst:2399 - RAMs <XLXI_1/Mram_RAM40>, <XLXI_1/Mram_RAM168> are equivalent, second RAM is removed
INFO:Xst:2399 - RAMs <XLXI_1/Mram_RAM40>, <XLXI_1/Mram_RAM232> are equivalent, second RAM is removed
INFO:Xst:2399 - RAMs <XLXI_1/Mram_RAM40>, <XLXI_1/Mram_RAM296> are equivalent, second RAM is removed
INFO:Xst:2399 - RAMs <XLXI_1/Mram_RAM40>, <XLXI_1/Mram_RAM360> are equivalent, second RAM is removed
INFO:Xst:2399 - RAMs <XLXI_1/Mram_RAM40>, <XLXI_1/Mram_RAM424> are equivalent, second RAM is removed
INFO:Xst:2399 - RAMs <XLXI_1/Mram_RAM40>, <XLXI_1/Mram_RAM488> are equivalent, second RAM is removed
INFO:Xst:2399 - RAMs <XLXI_1/Mram_RAM41>, <XLXI_1/Mram_RAM105> are equivalent, second RAM is removed
INFO:Xst:2399 - RAMs <XLXI_1/Mram_RAM41>, <XLXI_1/Mram_RAM169> are equivalent, second RAM is removed
INFO:Xst:2399 - RAMs <XLXI_1/Mram_RAM41>, <XLXI_1/Mram_RAM233> are equivalent, second RAM is removed
INFO:Xst:2399 - RAMs <XLXI_1/Mram_RAM41>, <XLXI_1/Mram_RAM297> are equivalent, second RAM is removed
INFO:Xst:2399 - RAMs <XLXI_1/Mram_RAM41>, <XLXI_1/Mram_RAM361> are equivalent, second RAM is removed
INFO:Xst:2399 - RAMs <XLXI_1/Mram_RAM41>, <XLXI_1/Mram_RAM425> are equivalent, second RAM is removed
INFO:Xst:2399 - RAMs <XLXI_1/Mram_RAM41>, <XLXI_1/Mram_RAM489> are equivalent, second RAM is removed
INFO:Xst:2399 - RAMs <XLXI_1/Mram_RAM42>, <XLXI_1/Mram_RAM106> are equivalent, second RAM is removed
INFO:Xst:2399 - RAMs <XLXI_1/Mram_RAM42>, <XLXI_1/Mram_RAM170> are equivalent, second RAM is removed
INFO:Xst:2399 - RAMs <XLXI_1/Mram_RAM42>, <XLXI_1/Mram_RAM234> are equivalent, second RAM is removed
INFO:Xst:2399 - RAMs <XLXI_1/Mram_RAM42>, <XLXI_1/Mram_RAM298> are equivalent, second RAM is removed
INFO:Xst:2399 - RAMs <XLXI_1/Mram_RAM42>, <XLXI_1/Mram_RAM362> are equivalent, second RAM is removed
INFO:Xst:2399 - RAMs <XLXI_1/Mram_RAM42>, <XLXI_1/Mram_RAM426> are equivalent, second RAM is removed
INFO:Xst:2399 - RAMs <XLXI_1/Mram_RAM42>, <XLXI_1/Mram_RAM490> are equivalent, second RAM is removed
INFO:Xst:2399 - RAMs <XLXI_1/Mram_RAM43>, <XLXI_1/Mram_RAM107> are equivalent, second RAM is removed
INFO:Xst:2399 - RAMs <XLXI_1/Mram_RAM43>, <XLXI_1/Mram_RAM171> are equivalent, second RAM is removed
INFO:Xst:2399 - RAMs <XLXI_1/Mram_RAM43>, <XLXI_1/Mram_RAM235> are equivalent, second RAM is removed
INFO:Xst:2399 - RAMs <XLXI_1/Mram_RAM43>, <XLXI_1/Mram_RAM299> are equivalent, second RAM is removed
INFO:Xst:2399 - RAMs <XLXI_1/Mram_RAM43>, <XLXI_1/Mram_RAM363> are equivalent, second RAM is removed
INFO:Xst:2399 - RAMs <XLXI_1/Mram_RAM43>, <XLXI_1/Mram_RAM427> are equivalent, second RAM is removed
INFO:Xst:2399 - RAMs <XLXI_1/Mram_RAM43>, <XLXI_1/Mram_RAM491> are equivalent, second RAM is removed
INFO:Xst:2399 - RAMs <XLXI_1/Mram_RAM44>, <XLXI_1/Mram_RAM108> are equivalent, second RAM is removed
INFO:Xst:2399 - RAMs <XLXI_1/Mram_RAM44>, <XLXI_1/Mram_RAM172> are equivalent, second RAM is removed
INFO:Xst:2399 - RAMs <XLXI_1/Mram_RAM44>, <XLXI_1/Mram_RAM236> are equivalent, second RAM is removed
INFO:Xst:2399 - RAMs <XLXI_1/Mram_RAM44>, <XLXI_1/Mram_RAM300> are equivalent, second RAM is removed
INFO:Xst:2399 - RAMs <XLXI_1/Mram_RAM44>, <XLXI_1/Mram_RAM364> are equivalent, second RAM is removed
INFO:Xst:2399 - RAMs <XLXI_1/Mram_RAM44>, <XLXI_1/Mram_RAM428> are equivalent, second RAM is removed
INFO:Xst:2399 - RAMs <XLXI_1/Mram_RAM44>, <XLXI_1/Mram_RAM492> are equivalent, second RAM is removed
INFO:Xst:2399 - RAMs <XLXI_1/Mram_RAM45>, <XLXI_1/Mram_RAM109> are equivalent, second RAM is removed
INFO:Xst:2399 - RAMs <XLXI_1/Mram_RAM45>, <XLXI_1/Mram_RAM173> are equivalent, second RAM is removed
INFO:Xst:2399 - RAMs <XLXI_1/Mram_RAM45>, <XLXI_1/Mram_RAM237> are equivalent, second RAM is removed
INFO:Xst:2399 - RAMs <XLXI_1/Mram_RAM45>, <XLXI_1/Mram_RAM301> are equivalent, second RAM is removed
INFO:Xst:2399 - RAMs <XLXI_1/Mram_RAM45>, <XLXI_1/Mram_RAM365> are equivalent, second RAM is removed
INFO:Xst:2399 - RAMs <XLXI_1/Mram_RAM45>, <XLXI_1/Mram_RAM429> are equivalent, second RAM is removed
INFO:Xst:2399 - RAMs <XLXI_1/Mram_RAM45>, <XLXI_1/Mram_RAM493> are equivalent, second RAM is removed
INFO:Xst:2399 - RAMs <XLXI_1/Mram_RAM46>, <XLXI_1/Mram_RAM110> are equivalent, second RAM is removed
INFO:Xst:2399 - RAMs <XLXI_1/Mram_RAM46>, <XLXI_1/Mram_RAM174> are equivalent, second RAM is removed
INFO:Xst:2399 - RAMs <XLXI_1/Mram_RAM46>, <XLXI_1/Mram_RAM238> are equivalent, second RAM is removed
INFO:Xst:2399 - RAMs <XLXI_1/Mram_RAM46>, <XLXI_1/Mram_RAM302> are equivalent, second RAM is removed
INFO:Xst:2399 - RAMs <XLXI_1/Mram_RAM46>, <XLXI_1/Mram_RAM366> are equivalent, second RAM is removed
INFO:Xst:2399 - RAMs <XLXI_1/Mram_RAM46>, <XLXI_1/Mram_RAM430> are equivalent, second RAM is removed
INFO:Xst:2399 - RAMs <XLXI_1/Mram_RAM46>, <XLXI_1/Mram_RAM494> are equivalent, second RAM is removed
INFO:Xst:2399 - RAMs <XLXI_1/Mram_RAM47>, <XLXI_1/Mram_RAM111> are equivalent, second RAM is removed
INFO:Xst:2399 - RAMs <XLXI_1/Mram_RAM47>, <XLXI_1/Mram_RAM175> are equivalent, second RAM is removed
INFO:Xst:2399 - RAMs <XLXI_1/Mram_RAM47>, <XLXI_1/Mram_RAM239> are equivalent, second RAM is removed
INFO:Xst:2399 - RAMs <XLXI_1/Mram_RAM47>, <XLXI_1/Mram_RAM303> are equivalent, second RAM is removed
INFO:Xst:2399 - RAMs <XLXI_1/Mram_RAM47>, <XLXI_1/Mram_RAM367> are equivalent, second RAM is removed
INFO:Xst:2399 - RAMs <XLXI_1/Mram_RAM47>, <XLXI_1/Mram_RAM431> are equivalent, second RAM is removed
INFO:Xst:2399 - RAMs <XLXI_1/Mram_RAM47>, <XLXI_1/Mram_RAM495> are equivalent, second RAM is removed
INFO:Xst:2399 - RAMs <XLXI_1/Mram_RAM48>, <XLXI_1/Mram_RAM112> are equivalent, second RAM is removed
INFO:Xst:2399 - RAMs <XLXI_1/Mram_RAM48>, <XLXI_1/Mram_RAM176> are equivalent, second RAM is removed
INFO:Xst:2399 - RAMs <XLXI_1/Mram_RAM48>, <XLXI_1/Mram_RAM240> are equivalent, second RAM is removed
INFO:Xst:2399 - RAMs <XLXI_1/Mram_RAM48>, <XLXI_1/Mram_RAM304> are equivalent, second RAM is removed
INFO:Xst:2399 - RAMs <XLXI_1/Mram_RAM48>, <XLXI_1/Mram_RAM368> are equivalent, second RAM is removed
INFO:Xst:2399 - RAMs <XLXI_1/Mram_RAM48>, <XLXI_1/Mram_RAM432> are equivalent, second RAM is removed
INFO:Xst:2399 - RAMs <XLXI_1/Mram_RAM48>, <XLXI_1/Mram_RAM496> are equivalent, second RAM is removed
INFO:Xst:2399 - RAMs <XLXI_1/Mram_RAM49>, <XLXI_1/Mram_RAM113> are equivalent, second RAM is removed
INFO:Xst:2399 - RAMs <XLXI_1/Mram_RAM49>, <XLXI_1/Mram_RAM177> are equivalent, second RAM is removed
INFO:Xst:2399 - RAMs <XLXI_1/Mram_RAM49>, <XLXI_1/Mram_RAM241> are equivalent, second RAM is removed
INFO:Xst:2399 - RAMs <XLXI_1/Mram_RAM49>, <XLXI_1/Mram_RAM305> are equivalent, second RAM is removed
INFO:Xst:2399 - RAMs <XLXI_1/Mram_RAM49>, <XLXI_1/Mram_RAM369> are equivalent, second RAM is removed
INFO:Xst:2399 - RAMs <XLXI_1/Mram_RAM49>, <XLXI_1/Mram_RAM433> are equivalent, second RAM is removed
INFO:Xst:2399 - RAMs <XLXI_1/Mram_RAM49>, <XLXI_1/Mram_RAM497> are equivalent, second RAM is removed
INFO:Xst:2399 - RAMs <XLXI_1/Mram_RAM50>, <XLXI_1/Mram_RAM114> are equivalent, second RAM is removed
INFO:Xst:2399 - RAMs <XLXI_1/Mram_RAM50>, <XLXI_1/Mram_RAM178> are equivalent, second RAM is removed
INFO:Xst:2399 - RAMs <XLXI_1/Mram_RAM50>, <XLXI_1/Mram_RAM242> are equivalent, second RAM is removed
INFO:Xst:2399 - RAMs <XLXI_1/Mram_RAM50>, <XLXI_1/Mram_RAM306> are equivalent, second RAM is removed
INFO:Xst:2399 - RAMs <XLXI_1/Mram_RAM50>, <XLXI_1/Mram_RAM370> are equivalent, second RAM is removed
INFO:Xst:2399 - RAMs <XLXI_1/Mram_RAM50>, <XLXI_1/Mram_RAM434> are equivalent, second RAM is removed
INFO:Xst:2399 - RAMs <XLXI_1/Mram_RAM50>, <XLXI_1/Mram_RAM498> are equivalent, second RAM is removed
INFO:Xst:2399 - RAMs <XLXI_1/Mram_RAM51>, <XLXI_1/Mram_RAM115> are equivalent, second RAM is removed
INFO:Xst:2399 - RAMs <XLXI_1/Mram_RAM51>, <XLXI_1/Mram_RAM179> are equivalent, second RAM is removed
INFO:Xst:2399 - RAMs <XLXI_1/Mram_RAM51>, <XLXI_1/Mram_RAM243> are equivalent, second RAM is removed
INFO:Xst:2399 - RAMs <XLXI_1/Mram_RAM51>, <XLXI_1/Mram_RAM307> are equivalent, second RAM is removed
INFO:Xst:2399 - RAMs <XLXI_1/Mram_RAM51>, <XLXI_1/Mram_RAM371> are equivalent, second RAM is removed
INFO:Xst:2399 - RAMs <XLXI_1/Mram_RAM51>, <XLXI_1/Mram_RAM435> are equivalent, second RAM is removed
INFO:Xst:2399 - RAMs <XLXI_1/Mram_RAM51>, <XLXI_1/Mram_RAM499> are equivalent, second RAM is removed
INFO:Xst:2399 - RAMs <XLXI_1/Mram_RAM52>, <XLXI_1/Mram_RAM116> are equivalent, second RAM is removed
INFO:Xst:2399 - RAMs <XLXI_1/Mram_RAM52>, <XLXI_1/Mram_RAM180> are equivalent, second RAM is removed
INFO:Xst:2399 - RAMs <XLXI_1/Mram_RAM52>, <XLXI_1/Mram_RAM244> are equivalent, second RAM is removed
INFO:Xst:2399 - RAMs <XLXI_1/Mram_RAM52>, <XLXI_1/Mram_RAM308> are equivalent, second RAM is removed
INFO:Xst:2399 - RAMs <XLXI_1/Mram_RAM52>, <XLXI_1/Mram_RAM372> are equivalent, second RAM is removed
INFO:Xst:2399 - RAMs <XLXI_1/Mram_RAM52>, <XLXI_1/Mram_RAM436> are equivalent, second RAM is removed
INFO:Xst:2399 - RAMs <XLXI_1/Mram_RAM52>, <XLXI_1/Mram_RAM500> are equivalent, second RAM is removed
INFO:Xst:2399 - RAMs <XLXI_1/Mram_RAM53>, <XLXI_1/Mram_RAM117> are equivalent, second RAM is removed
INFO:Xst:2399 - RAMs <XLXI_1/Mram_RAM53>, <XLXI_1/Mram_RAM181> are equivalent, second RAM is removed
INFO:Xst:2399 - RAMs <XLXI_1/Mram_RAM53>, <XLXI_1/Mram_RAM245> are equivalent, second RAM is removed
INFO:Xst:2399 - RAMs <XLXI_1/Mram_RAM53>, <XLXI_1/Mram_RAM309> are equivalent, second RAM is removed
INFO:Xst:2399 - RAMs <XLXI_1/Mram_RAM53>, <XLXI_1/Mram_RAM373> are equivalent, second RAM is removed
INFO:Xst:2399 - RAMs <XLXI_1/Mram_RAM53>, <XLXI_1/Mram_RAM437> are equivalent, second RAM is removed
INFO:Xst:2399 - RAMs <XLXI_1/Mram_RAM53>, <XLXI_1/Mram_RAM501> are equivalent, second RAM is removed
INFO:Xst:2399 - RAMs <XLXI_1/Mram_RAM54>, <XLXI_1/Mram_RAM118> are equivalent, second RAM is removed
INFO:Xst:2399 - RAMs <XLXI_1/Mram_RAM54>, <XLXI_1/Mram_RAM182> are equivalent, second RAM is removed
INFO:Xst:2399 - RAMs <XLXI_1/Mram_RAM54>, <XLXI_1/Mram_RAM246> are equivalent, second RAM is removed
INFO:Xst:2399 - RAMs <XLXI_1/Mram_RAM54>, <XLXI_1/Mram_RAM310> are equivalent, second RAM is removed
INFO:Xst:2399 - RAMs <XLXI_1/Mram_RAM54>, <XLXI_1/Mram_RAM374> are equivalent, second RAM is removed
INFO:Xst:2399 - RAMs <XLXI_1/Mram_RAM54>, <XLXI_1/Mram_RAM438> are equivalent, second RAM is removed
INFO:Xst:2399 - RAMs <XLXI_1/Mram_RAM54>, <XLXI_1/Mram_RAM502> are equivalent, second RAM is removed
INFO:Xst:2399 - RAMs <XLXI_1/Mram_RAM55>, <XLXI_1/Mram_RAM119> are equivalent, second RAM is removed
INFO:Xst:2399 - RAMs <XLXI_1/Mram_RAM55>, <XLXI_1/Mram_RAM183> are equivalent, second RAM is removed
INFO:Xst:2399 - RAMs <XLXI_1/Mram_RAM55>, <XLXI_1/Mram_RAM247> are equivalent, second RAM is removed
INFO:Xst:2399 - RAMs <XLXI_1/Mram_RAM55>, <XLXI_1/Mram_RAM311> are equivalent, second RAM is removed
INFO:Xst:2399 - RAMs <XLXI_1/Mram_RAM55>, <XLXI_1/Mram_RAM375> are equivalent, second RAM is removed
INFO:Xst:2399 - RAMs <XLXI_1/Mram_RAM55>, <XLXI_1/Mram_RAM439> are equivalent, second RAM is removed
INFO:Xst:2399 - RAMs <XLXI_1/Mram_RAM55>, <XLXI_1/Mram_RAM503> are equivalent, second RAM is removed
INFO:Xst:2399 - RAMs <XLXI_1/Mram_RAM56>, <XLXI_1/Mram_RAM120> are equivalent, second RAM is removed
INFO:Xst:2399 - RAMs <XLXI_1/Mram_RAM56>, <XLXI_1/Mram_RAM184> are equivalent, second RAM is removed
INFO:Xst:2399 - RAMs <XLXI_1/Mram_RAM56>, <XLXI_1/Mram_RAM248> are equivalent, second RAM is removed
INFO:Xst:2399 - RAMs <XLXI_1/Mram_RAM56>, <XLXI_1/Mram_RAM312> are equivalent, second RAM is removed
INFO:Xst:2399 - RAMs <XLXI_1/Mram_RAM56>, <XLXI_1/Mram_RAM376> are equivalent, second RAM is removed
INFO:Xst:2399 - RAMs <XLXI_1/Mram_RAM56>, <XLXI_1/Mram_RAM440> are equivalent, second RAM is removed
INFO:Xst:2399 - RAMs <XLXI_1/Mram_RAM56>, <XLXI_1/Mram_RAM504> are equivalent, second RAM is removed
INFO:Xst:2399 - RAMs <XLXI_1/Mram_RAM57>, <XLXI_1/Mram_RAM121> are equivalent, second RAM is removed
INFO:Xst:2399 - RAMs <XLXI_1/Mram_RAM57>, <XLXI_1/Mram_RAM185> are equivalent, second RAM is removed
INFO:Xst:2399 - RAMs <XLXI_1/Mram_RAM57>, <XLXI_1/Mram_RAM249> are equivalent, second RAM is removed
INFO:Xst:2399 - RAMs <XLXI_1/Mram_RAM57>, <XLXI_1/Mram_RAM313> are equivalent, second RAM is removed
INFO:Xst:2399 - RAMs <XLXI_1/Mram_RAM57>, <XLXI_1/Mram_RAM377> are equivalent, second RAM is removed
INFO:Xst:2399 - RAMs <XLXI_1/Mram_RAM57>, <XLXI_1/Mram_RAM441> are equivalent, second RAM is removed
INFO:Xst:2399 - RAMs <XLXI_1/Mram_RAM57>, <XLXI_1/Mram_RAM505> are equivalent, second RAM is removed
INFO:Xst:2399 - RAMs <XLXI_1/Mram_RAM58>, <XLXI_1/Mram_RAM122> are equivalent, second RAM is removed
INFO:Xst:2399 - RAMs <XLXI_1/Mram_RAM58>, <XLXI_1/Mram_RAM186> are equivalent, second RAM is removed
INFO:Xst:2399 - RAMs <XLXI_1/Mram_RAM58>, <XLXI_1/Mram_RAM250> are equivalent, second RAM is removed
INFO:Xst:2399 - RAMs <XLXI_1/Mram_RAM58>, <XLXI_1/Mram_RAM314> are equivalent, second RAM is removed
INFO:Xst:2399 - RAMs <XLXI_1/Mram_RAM58>, <XLXI_1/Mram_RAM378> are equivalent, second RAM is removed
INFO:Xst:2399 - RAMs <XLXI_1/Mram_RAM58>, <XLXI_1/Mram_RAM442> are equivalent, second RAM is removed
INFO:Xst:2399 - RAMs <XLXI_1/Mram_RAM58>, <XLXI_1/Mram_RAM506> are equivalent, second RAM is removed
INFO:Xst:2399 - RAMs <XLXI_1/Mram_RAM59>, <XLXI_1/Mram_RAM123> are equivalent, second RAM is removed
INFO:Xst:2399 - RAMs <XLXI_1/Mram_RAM59>, <XLXI_1/Mram_RAM187> are equivalent, second RAM is removed
INFO:Xst:2399 - RAMs <XLXI_1/Mram_RAM59>, <XLXI_1/Mram_RAM251> are equivalent, second RAM is removed
INFO:Xst:2399 - RAMs <XLXI_1/Mram_RAM59>, <XLXI_1/Mram_RAM315> are equivalent, second RAM is removed
INFO:Xst:2399 - RAMs <XLXI_1/Mram_RAM59>, <XLXI_1/Mram_RAM379> are equivalent, second RAM is removed
INFO:Xst:2399 - RAMs <XLXI_1/Mram_RAM59>, <XLXI_1/Mram_RAM443> are equivalent, second RAM is removed
INFO:Xst:2399 - RAMs <XLXI_1/Mram_RAM59>, <XLXI_1/Mram_RAM507> are equivalent, second RAM is removed
INFO:Xst:2399 - RAMs <XLXI_1/Mram_RAM60>, <XLXI_1/Mram_RAM124> are equivalent, second RAM is removed
INFO:Xst:2399 - RAMs <XLXI_1/Mram_RAM60>, <XLXI_1/Mram_RAM188> are equivalent, second RAM is removed
INFO:Xst:2399 - RAMs <XLXI_1/Mram_RAM60>, <XLXI_1/Mram_RAM252> are equivalent, second RAM is removed
INFO:Xst:2399 - RAMs <XLXI_1/Mram_RAM60>, <XLXI_1/Mram_RAM316> are equivalent, second RAM is removed
INFO:Xst:2399 - RAMs <XLXI_1/Mram_RAM60>, <XLXI_1/Mram_RAM380> are equivalent, second RAM is removed
INFO:Xst:2399 - RAMs <XLXI_1/Mram_RAM60>, <XLXI_1/Mram_RAM444> are equivalent, second RAM is removed
INFO:Xst:2399 - RAMs <XLXI_1/Mram_RAM60>, <XLXI_1/Mram_RAM508> are equivalent, second RAM is removed
INFO:Xst:2399 - RAMs <XLXI_1/Mram_RAM61>, <XLXI_1/Mram_RAM125> are equivalent, second RAM is removed
INFO:Xst:2399 - RAMs <XLXI_1/Mram_RAM61>, <XLXI_1/Mram_RAM189> are equivalent, second RAM is removed
INFO:Xst:2399 - RAMs <XLXI_1/Mram_RAM61>, <XLXI_1/Mram_RAM253> are equivalent, second RAM is removed
INFO:Xst:2399 - RAMs <XLXI_1/Mram_RAM61>, <XLXI_1/Mram_RAM317> are equivalent, second RAM is removed
INFO:Xst:2399 - RAMs <XLXI_1/Mram_RAM61>, <XLXI_1/Mram_RAM381> are equivalent, second RAM is removed
INFO:Xst:2399 - RAMs <XLXI_1/Mram_RAM61>, <XLXI_1/Mram_RAM445> are equivalent, second RAM is removed
INFO:Xst:2399 - RAMs <XLXI_1/Mram_RAM61>, <XLXI_1/Mram_RAM509> are equivalent, second RAM is removed
INFO:Xst:2399 - RAMs <XLXI_1/Mram_RAM64>, <XLXI_1/Mram_RAM128> are equivalent, second RAM is removed
INFO:Xst:2399 - RAMs <XLXI_1/Mram_RAM64>, <XLXI_1/Mram_RAM192> are equivalent, second RAM is removed
INFO:Xst:2399 - RAMs <XLXI_1/Mram_RAM64>, <XLXI_1/Mram_RAM256> are equivalent, second RAM is removed
INFO:Xst:2399 - RAMs <XLXI_1/Mram_RAM64>, <XLXI_1/Mram_RAM320> are equivalent, second RAM is removed
INFO:Xst:2399 - RAMs <XLXI_1/Mram_RAM64>, <XLXI_1/Mram_RAM384> are equivalent, second RAM is removed
INFO:Xst:2399 - RAMs <XLXI_1/Mram_RAM64>, <XLXI_1/Mram_RAM448> are equivalent, second RAM is removed
INFO:Xst:2399 - RAMs <XLXI_1/Mram_RAM64>, <XLXI_1/Mram_RAM512> are equivalent, second RAM is removed
INFO:Xst:2399 - RAMs <XLXI_1/Mram_RAM62>, <XLXI_1/Mram_RAM126> are equivalent, second RAM is removed
INFO:Xst:2399 - RAMs <XLXI_1/Mram_RAM62>, <XLXI_1/Mram_RAM190> are equivalent, second RAM is removed
INFO:Xst:2399 - RAMs <XLXI_1/Mram_RAM62>, <XLXI_1/Mram_RAM254> are equivalent, second RAM is removed
INFO:Xst:2399 - RAMs <XLXI_1/Mram_RAM62>, <XLXI_1/Mram_RAM318> are equivalent, second RAM is removed
INFO:Xst:2399 - RAMs <XLXI_1/Mram_RAM62>, <XLXI_1/Mram_RAM382> are equivalent, second RAM is removed
INFO:Xst:2399 - RAMs <XLXI_1/Mram_RAM62>, <XLXI_1/Mram_RAM446> are equivalent, second RAM is removed
INFO:Xst:2399 - RAMs <XLXI_1/Mram_RAM62>, <XLXI_1/Mram_RAM510> are equivalent, second RAM is removed
INFO:Xst:2399 - RAMs <XLXI_1/Mram_RAM63>, <XLXI_1/Mram_RAM127> are equivalent, second RAM is removed
INFO:Xst:2399 - RAMs <XLXI_1/Mram_RAM63>, <XLXI_1/Mram_RAM191> are equivalent, second RAM is removed
INFO:Xst:2399 - RAMs <XLXI_1/Mram_RAM63>, <XLXI_1/Mram_RAM255> are equivalent, second RAM is removed
INFO:Xst:2399 - RAMs <XLXI_1/Mram_RAM63>, <XLXI_1/Mram_RAM319> are equivalent, second RAM is removed
INFO:Xst:2399 - RAMs <XLXI_1/Mram_RAM63>, <XLXI_1/Mram_RAM383> are equivalent, second RAM is removed
INFO:Xst:2399 - RAMs <XLXI_1/Mram_RAM63>, <XLXI_1/Mram_RAM447> are equivalent, second RAM is removed
INFO:Xst:2399 - RAMs <XLXI_1/Mram_RAM63>, <XLXI_1/Mram_RAM511> are equivalent, second RAM is removed

Mapping all equations...
Building and optimizing final netlist ...
Found area constraint ratio of 100 (+ 5) on block schemat, actual ratio is 8.
INFO:Xst:2260 - The FF/Latch <XLXI_2/state_FSM_FFd8> in Unit <schemat> is equivalent to the following FF/Latch : <XLXI_6/state_FSM_FFd6> 
FlipFlop XLXI_2/read_address_memory_0 has been replicated 4 time(s)
FlipFlop XLXI_2/read_address_memory_1 has been replicated 4 time(s)
FlipFlop XLXI_2/read_address_memory_2 has been replicated 4 time(s)
FlipFlop XLXI_2/read_address_memory_3 has been replicated 4 time(s)

Final Macro Processing ...

=========================================================================
Final Register Report

Macro Statistics
# Registers                                            : 150
 Flip-Flops                                            : 150

=========================================================================

=========================================================================
*                           Partition Report                            *
=========================================================================

Partition Implementation Status
-------------------------------

  No Partitions were found in this design.

-------------------------------

=========================================================================
*                            Final Report                               *
=========================================================================
Final Results
RTL Top Level Output File Name     : schemat.ngr
Top Level Output File Name         : schemat
Output Format                      : NGC
Optimization Goal                  : Speed
Keep Hierarchy                     : No

Design Statistics
# IOs                              : 9

Cell Usage :
# BELS                             : 1132
#      GND                         : 4
#      INV                         : 14
#      LUT1                        : 55
#      LUT2                        : 39
#      LUT2_D                      : 5
#      LUT2_L                      : 7
#      LUT3                        : 306
#      LUT3_D                      : 5
#      LUT3_L                      : 3
#      LUT4                        : 216
#      LUT4_D                      : 15
#      LUT4_L                      : 24
#      MUXCY                       : 61
#      MUXF5                       : 206
#      MUXF6                       : 64
#      MUXF7                       : 32
#      MUXF8                       : 12
#      VCC                         : 4
#      XORCY                       : 60
# FlipFlops/Latches                : 187
#      FD                          : 19
#      FDCE                        : 2
#      FDE                         : 64
#      FDR                         : 42
#      FDRE                        : 39
#      FDRS                        : 3
#      FDS                         : 17
#      FDSE                        : 1
# RAMS                             : 72
#      RAM16X1D                    : 72
# Clock Buffers                    : 1
#      BUFGP                       : 1
# IO Buffers                       : 8
#      IBUF                        : 4
#      IOBUF                       : 2
#      OBUF                        : 2
=========================================================================

Device utilization summary:
---------------------------

Selected Device : 3s500efg320-4 

 Number of Slices:                      400  out of   4656     8%  
 Number of Slice Flip Flops:            185  out of   9312     1%  
 Number of 4 input LUTs:                833  out of   9312     8%  
    Number used as logic:               689
    Number used as RAMs:                144
 Number of IOs:                           9
 Number of bonded IOBs:                   9  out of    232     3%  
    IOB Flip Flops:                       2
 Number of GCLKs:                         1  out of     24     4%  

---------------------------
Partition Resource Summary:
---------------------------

  No Partitions were found in this design.

---------------------------


=========================================================================
TIMING REPORT

NOTE: THESE TIMING NUMBERS ARE ONLY A SYNTHESIS ESTIMATE.
      FOR ACCURATE TIMING INFORMATION PLEASE REFER TO THE TRACE REPORT
      GENERATED AFTER PLACE-and-ROUTE.

Clock Information:
------------------
-----------------------------------+------------------------+-------+
Clock Signal                       | Clock buffer(FF name)  | Load  |
-----------------------------------+------------------------+-------+
Clk_50MHz                          | BUFGP                  | 259   |
-----------------------------------+------------------------+-------+

Asynchronous Control Signals Information:
----------------------------------------
-----------------------------------+------------------------+-------+
Control Signal                     | Buffer(FF name)        | Load  |
-----------------------------------+------------------------+-------+
XLXI_5/XLXN_1(XLXI_5/I_36_29:G)    | NONE(XLXI_5/I_36_15)   | 1     |
XLXI_8/XLXN_1(XLXI_8/I_36_29:G)    | NONE(XLXI_8/I_36_15)   | 1     |
-----------------------------------+------------------------+-------+

Timing Summary:
---------------
Speed Grade: -4

   Minimum period: 9.260ns (Maximum Frequency: 107.991MHz)
   Minimum input arrival time before clock: 4.538ns
   Maximum output required time after clock: 4.310ns
   Maximum combinational path delay: No path found

Timing Detail:
--------------
All values displayed in nanoseconds (ns)

=========================================================================
Timing constraint: Default period analysis for Clock 'Clk_50MHz'
  Clock period: 9.260ns (frequency: 107.991MHz)
  Total number of paths / destination ports: 7999 / 1040
-------------------------------------------------------------------------
Delay:               9.260ns (Levels of Logic = 9)
  Source:            XLXI_2/read_address_memory_0_1 (FF)
  Destination:       XLXI_6/i_FIFO_Mram_RAM6 (RAM)
  Source Clock:      Clk_50MHz rising
  Destination Clock: Clk_50MHz rising

  Data Path: XLXI_2/read_address_memory_0_1 to XLXI_6/i_FIFO_Mram_RAM6
                                Gate     Net
    Cell:in->out      fanout   Delay   Delay  Logical Name (Net Name)
    ----------------------------------------  ------------
     FDE:C->Q             16   0.591   1.034  XLXI_2/read_address_memory_0_1 (XLXI_2/read_address_memory_0_1)
     RAM16X1D:DPRA0->DPO    8   0.704   0.836  XLXI_1/Mram_RAM29 (N123)
     LUT3:I1->O            1   0.704   0.000  inst_LPM_MUX13_8_f51 (inst_LPM_MUX13_8_f51)
     MUXF5:I0->O           1   0.321   0.000  inst_LPM_MUX13_8_f5 (inst_LPM_MUX13_8_f5)
     MUXF6:I1->O           1   0.521   0.000  inst_LPM_MUX13_7_f6 (inst_LPM_MUX13_7_f6)
     MUXF7:I1->O           1   0.521   0.000  inst_LPM_MUX13_6_f7 (inst_LPM_MUX13_6_f7)
     MUXF8:I1->O           1   0.521   0.455  inst_LPM_MUX13_5_f8 (inst_LPM_MUX13_5_f8)
     LUT4:I2->O            1   0.704   0.455  XLXI_2/I2C_FIFO_DI<5>62 (XLXI_2/I2C_FIFO_DI<5>62)
     LUT3_L:I2->LO         1   0.704   0.104  XLXI_2/I2C_FIFO_DI<5>65 (FIFO_DI<5>)
     LUT4:I3->O            1   0.704   0.000  XLXI_6/DI_5_1 (XLXI_6/DI<5>)
     RAM16X1D:D                0.381          XLXI_6/i_FIFO_Mram_RAM6
    ----------------------------------------
    Total                      9.260ns (6.376ns logic, 2.884ns route)
                                       (68.9% logic, 31.1% route)

=========================================================================
Timing constraint: Default OFFSET IN BEFORE for Clock 'Clk_50MHz'
  Total number of paths / destination ports: 7 / 7
-------------------------------------------------------------------------
Offset:              4.538ns (Levels of Logic = 3)
  Source:            SDA (PAD)
  Destination:       XLXI_6/NACK_12 (FF)
  Destination Clock: Clk_50MHz rising

  Data Path: SDA to XLXI_6/NACK_12
                                Gate     Net
    Cell:in->out      fanout   Delay   Delay  Logical Name (Net Name)
    ----------------------------------------  ------------
     IOBUF:IO->O           2   1.218   0.482  XLXI_6/IOB1 (XLXI_6/SDAin)
     LUT4:I2->O            1   0.704   0.455  XLXI_6/NACK_and00007 (XLXI_6/NACK_and00007_95)
     LUT4:I2->O            1   0.704   0.420  XLXI_6/NACK_and000022 (XLXI_6/NACK_and0000)
     FDRE:CE                   0.555          XLXI_6/NACK_12
    ----------------------------------------
    Total                      4.538ns (3.181ns logic, 1.357ns route)
                                       (70.1% logic, 29.9% route)

=========================================================================
Timing constraint: Default OFFSET OUT AFTER for Clock 'Clk_50MHz'
  Total number of paths / destination ports: 3 / 3
-------------------------------------------------------------------------
Offset:              4.310ns (Levels of Logic = 1)
  Source:            XLXI_6/SDAout (FF)
  Destination:       SDA (PAD)
  Source Clock:      Clk_50MHz rising

  Data Path: XLXI_6/SDAout to SDA
                                Gate     Net
    Cell:in->out      fanout   Delay   Delay  Logical Name (Net Name)
    ----------------------------------------  ------------
     FDS:C->Q              2   0.591   0.447  XLXI_6/SDAout (XLXI_6/SDAout_125)
     IOBUF:T->IO               3.272          XLXI_6/IOB1 (SDA)
    ----------------------------------------
    Total                      4.310ns (3.863ns logic, 0.447ns route)
                                       (89.6% logic, 10.4% route)

=========================================================================
WARNING:Xst:616 - Invalid property "SLEW 20": Did not attach to XLXI_6/IOB2.
WARNING:Xst:616 - Invalid property "SLEW 20": Did not attach to XLXI_6/IOB1.


Total REAL time to Xst completion: 8.00 secs
Total CPU time to Xst completion: 7.92 secs
 
--> 

Total memory usage is 232828 kilobytes

Number of errors   :    0 (   0 filtered)
Number of warnings :   19 (   0 filtered)
Number of infos    :  453 (   0 filtered)

