Command line:
   top_top_sch_tb_isim_beh.exe
     -simmode  gui
     -simrunnum  0
     -socket  49235

Mon Apr 29 14:35:14 2024


 Elaboration Time: 0.046875 sec

 Current Memory Usage: 661.59 Meg

 Total Signals          : 1305
 Total Nets             : 506
 Total Signal Drivers   : 326
 Total Blocks           : 238
 Total Primitive Blocks : 234
 Total Processes        : 311
 Total Traceable Variables  : 426
 Total Scalar Nets and Variables : 8963
Total Line Count : 1148
Total Line Count : 1148

 Total Simulation Time: 1.03125 sec

 Current Memory Usage: 661.59 Meg

Mon Apr 29 14:37:32 2024

